2013-10-12 13:51:45,072 INFO org.apache.hadoop.hdfs.server.namenode.NameNode: STARTUP_MSG: 
/************************************************************
STARTUP_MSG: Starting NameNode
STARTUP_MSG:   host = vagrant-debian-squeeze/127.0.1.1
STARTUP_MSG:   args = []
STARTUP_MSG:   version = 1.2.1
STARTUP_MSG:   build = https://svn.apache.org/repos/asf/hadoop/common/branches/branch-1.2 -r 1503152; compiled by 'mattf' on Mon Jul 22 15:23:09 PDT 2013
STARTUP_MSG:   java = 1.6.0_26
************************************************************/
2013-10-12 13:51:45,210 INFO org.apache.hadoop.metrics2.impl.MetricsConfig: loaded properties from hadoop-metrics2.properties
2013-10-12 13:51:45,225 INFO org.apache.hadoop.metrics2.impl.MetricsSourceAdapter: MBean for source MetricsSystem,sub=Stats registered.
2013-10-12 13:51:45,225 INFO org.apache.hadoop.metrics2.impl.MetricsSystemImpl: Scheduled snapshot period at 10 second(s).
2013-10-12 13:51:45,225 INFO org.apache.hadoop.metrics2.impl.MetricsSystemImpl: NameNode metrics system started
2013-10-12 13:51:45,354 INFO org.apache.hadoop.metrics2.impl.MetricsSourceAdapter: MBean for source ugi registered.
2013-10-12 13:51:45,359 WARN org.apache.hadoop.metrics2.impl.MetricsSystemImpl: Source name ugi already exists!
2013-10-12 13:51:45,363 INFO org.apache.hadoop.metrics2.impl.MetricsSourceAdapter: MBean for source jvm registered.
2013-10-12 13:51:45,363 INFO org.apache.hadoop.metrics2.impl.MetricsSourceAdapter: MBean for source NameNode registered.
2013-10-12 13:51:45,396 INFO org.apache.hadoop.hdfs.util.GSet: Computing capacity for map BlocksMap
2013-10-12 13:51:45,396 INFO org.apache.hadoop.hdfs.util.GSet: VM type       = 32-bit
2013-10-12 13:51:45,396 INFO org.apache.hadoop.hdfs.util.GSet: 2.0% max memory = 1013645312
2013-10-12 13:51:45,396 INFO org.apache.hadoop.hdfs.util.GSet: capacity      = 2^22 = 4194304 entries
2013-10-12 13:51:45,396 INFO org.apache.hadoop.hdfs.util.GSet: recommended=4194304, actual=4194304
2013-10-12 13:51:45,437 INFO org.apache.hadoop.hdfs.server.namenode.FSNamesystem: fsOwner=renlu
2013-10-12 13:51:45,437 INFO org.apache.hadoop.hdfs.server.namenode.FSNamesystem: supergroup=supergroup
2013-10-12 13:51:45,437 INFO org.apache.hadoop.hdfs.server.namenode.FSNamesystem: isPermissionEnabled=true
2013-10-12 13:51:45,443 INFO org.apache.hadoop.hdfs.server.namenode.FSNamesystem: dfs.block.invalidate.limit=100
2013-10-12 13:51:45,443 INFO org.apache.hadoop.hdfs.server.namenode.FSNamesystem: isAccessTokenEnabled=false accessKeyUpdateInterval=0 min(s), accessTokenLifetime=0 min(s)
2013-10-12 13:51:45,574 INFO org.apache.hadoop.hdfs.server.namenode.FSNamesystem: Registered FSNamesystemStateMBean and NameNodeMXBean
2013-10-12 13:51:45,591 INFO org.apache.hadoop.hdfs.server.namenode.FSEditLog: dfs.namenode.edits.toleration.length = 0
2013-10-12 13:51:45,591 INFO org.apache.hadoop.hdfs.server.namenode.NameNode: Caching file names occuring more than 10 times 
2013-10-12 13:51:45,602 INFO org.apache.hadoop.hdfs.server.common.Storage: Start loading image file /tmp/hadoop-renlu/dfs/name/current/fsimage
2013-10-12 13:51:45,602 INFO org.apache.hadoop.hdfs.server.common.Storage: Number of files = 1
2013-10-12 13:51:45,604 INFO org.apache.hadoop.hdfs.server.common.Storage: Number of files under construction = 0
2013-10-12 13:51:45,604 INFO org.apache.hadoop.hdfs.server.common.Storage: Image file /tmp/hadoop-renlu/dfs/name/current/fsimage of size 111 bytes loaded in 0 seconds.
2013-10-12 13:51:45,605 INFO org.apache.hadoop.hdfs.server.namenode.FSEditLog: Start loading edits file /tmp/hadoop-renlu/dfs/name/current/edits
2013-10-12 13:51:45,605 INFO org.apache.hadoop.hdfs.server.namenode.FSEditLog: EOF of /tmp/hadoop-renlu/dfs/name/current/edits, reached end of edit log Number of transactions found: 0.  Bytes read: 4
2013-10-12 13:51:45,605 INFO org.apache.hadoop.hdfs.server.namenode.FSEditLog: Start checking end of edit log (/tmp/hadoop-renlu/dfs/name/current/edits) ...
2013-10-12 13:51:45,605 INFO org.apache.hadoop.hdfs.server.namenode.FSEditLog: Checked the bytes after the end of edit log (/tmp/hadoop-renlu/dfs/name/current/edits):
2013-10-12 13:51:45,605 INFO org.apache.hadoop.hdfs.server.namenode.FSEditLog:   Padding position  = -1 (-1 means padding not found)
2013-10-12 13:51:45,605 INFO org.apache.hadoop.hdfs.server.namenode.FSEditLog:   Edit log length   = 4
2013-10-12 13:51:45,605 INFO org.apache.hadoop.hdfs.server.namenode.FSEditLog:   Read length       = 4
2013-10-12 13:51:45,605 INFO org.apache.hadoop.hdfs.server.namenode.FSEditLog:   Corruption length = 0
2013-10-12 13:51:45,605 INFO org.apache.hadoop.hdfs.server.namenode.FSEditLog:   Toleration length = 0 (= dfs.namenode.edits.toleration.length)
2013-10-12 13:51:45,606 INFO org.apache.hadoop.hdfs.server.namenode.FSEditLog: Summary: |---------- Read=4 ----------|-- Corrupt=0 --|-- Pad=0 --|
2013-10-12 13:51:45,606 INFO org.apache.hadoop.hdfs.server.namenode.FSEditLog: Edits file /tmp/hadoop-renlu/dfs/name/current/edits of size 4 edits # 0 loaded in 0 seconds.
2013-10-12 13:51:45,608 INFO org.apache.hadoop.hdfs.server.common.Storage: Image file /tmp/hadoop-renlu/dfs/name/current/fsimage of size 111 bytes saved in 0 seconds.
2013-10-12 13:51:46,146 INFO org.apache.hadoop.hdfs.server.namenode.FSEditLog: closing edit log: position=4, editlog=/tmp/hadoop-renlu/dfs/name/current/edits
2013-10-12 13:51:46,146 INFO org.apache.hadoop.hdfs.server.namenode.FSEditLog: close success: truncate to 4, editlog=/tmp/hadoop-renlu/dfs/name/current/edits
2013-10-12 13:51:46,155 INFO org.apache.hadoop.hdfs.server.namenode.NameCache: initialized with 0 entries 0 lookups
2013-10-12 13:51:46,155 INFO org.apache.hadoop.hdfs.server.namenode.FSNamesystem: Finished loading FSImage in 723 msecs
2013-10-12 13:51:46,156 INFO org.apache.hadoop.hdfs.server.namenode.FSNamesystem: dfs.safemode.threshold.pct          = 0.9990000128746033
2013-10-12 13:51:46,156 INFO org.apache.hadoop.hdfs.server.namenode.FSNamesystem: dfs.namenode.safemode.min.datanodes = 0
2013-10-12 13:51:46,156 INFO org.apache.hadoop.hdfs.server.namenode.FSNamesystem: dfs.safemode.extension              = 30000
2013-10-12 13:51:46,156 INFO org.apache.hadoop.hdfs.server.namenode.FSNamesystem: Number of blocks excluded by safe block count: 0 total blocks: 0 and thus the safe blocks: 0
2013-10-12 13:51:46,197 INFO org.apache.hadoop.hdfs.server.namenode.FSNamesystem: Total number of blocks = 0
2013-10-12 13:51:46,197 INFO org.apache.hadoop.hdfs.server.namenode.FSNamesystem: Number of invalid blocks = 0
2013-10-12 13:51:46,197 INFO org.apache.hadoop.hdfs.server.namenode.FSNamesystem: Number of under-replicated blocks = 0
2013-10-12 13:51:46,197 INFO org.apache.hadoop.hdfs.server.namenode.FSNamesystem: Number of  over-replicated blocks = 0
2013-10-12 13:51:46,197 INFO org.apache.hadoop.hdfs.StateChange: STATE* Safe mode termination scan for invalid, over- and under-replicated blocks completed in 41 msec
2013-10-12 13:51:46,197 INFO org.apache.hadoop.hdfs.StateChange: STATE* Leaving safe mode after 0 secs
2013-10-12 13:51:46,197 INFO org.apache.hadoop.hdfs.StateChange: STATE* Network topology has 0 racks and 0 datanodes
2013-10-12 13:51:46,197 INFO org.apache.hadoop.hdfs.StateChange: STATE* UnderReplicatedBlocks has 0 blocks
2013-10-12 13:51:46,225 INFO org.apache.hadoop.util.HostsFileReader: Refreshing hosts (include/exclude) list
2013-10-12 13:51:46,228 INFO org.apache.hadoop.metrics2.impl.MetricsSourceAdapter: MBean for source FSNamesystemMetrics registered.
2013-10-12 13:51:46,230 INFO org.apache.hadoop.hdfs.server.namenode.FSNamesystem: ReplicateQueue QueueProcessingStatistics: First cycle completed 0 blocks in 1 msec
2013-10-12 13:51:46,230 INFO org.apache.hadoop.hdfs.server.namenode.FSNamesystem: ReplicateQueue QueueProcessingStatistics: Queue flush completed 0 blocks in 1 msec processing time, 1 msec clock time, 1 cycles
2013-10-12 13:51:46,230 INFO org.apache.hadoop.hdfs.server.namenode.FSNamesystem: InvalidateQueue QueueProcessingStatistics: First cycle completed 0 blocks in 0 msec
2013-10-12 13:51:46,230 INFO org.apache.hadoop.hdfs.server.namenode.FSNamesystem: InvalidateQueue QueueProcessingStatistics: Queue flush completed 0 blocks in 0 msec processing time, 0 msec clock time, 1 cycles
2013-10-12 13:51:46,275 INFO org.apache.hadoop.ipc.Server: Starting SocketReader
2013-10-12 13:51:46,280 INFO org.apache.hadoop.metrics2.impl.MetricsSourceAdapter: MBean for source RpcDetailedActivityForPort9000 registered.
2013-10-12 13:51:46,280 INFO org.apache.hadoop.metrics2.impl.MetricsSourceAdapter: MBean for source RpcActivityForPort9000 registered.
2013-10-12 13:51:46,289 INFO org.apache.hadoop.hdfs.server.namenode.NameNode: Namenode up at: localhost/127.0.0.1:9000
2013-10-12 13:51:51,348 INFO org.mortbay.log: Logging to org.slf4j.impl.Log4jLoggerAdapter(org.mortbay.log) via org.mortbay.log.Slf4jLog
2013-10-12 13:51:51,393 INFO org.apache.hadoop.http.HttpServer: Added global filtersafety (class=org.apache.hadoop.http.HttpServer$QuotingInputFilter)
2013-10-12 13:51:51,409 INFO org.apache.hadoop.http.HttpServer: dfs.webhdfs.enabled = false
2013-10-12 13:51:51,416 INFO org.apache.hadoop.http.HttpServer: Port returned by webServer.getConnectors()[0].getLocalPort() before open() is -1. Opening the listener on 50070
2013-10-12 13:51:51,417 INFO org.apache.hadoop.http.HttpServer: listener.getLocalPort() returned 50070 webServer.getConnectors()[0].getLocalPort() returned 50070
2013-10-12 13:51:51,417 INFO org.apache.hadoop.http.HttpServer: Jetty bound to port 50070
2013-10-12 13:51:51,418 INFO org.mortbay.log: jetty-6.1.26
2013-10-12 13:51:51,661 INFO org.mortbay.log: Started SelectChannelConnector@0.0.0.0:50070
2013-10-12 13:51:51,662 INFO org.apache.hadoop.hdfs.server.namenode.NameNode: Web-server up at: 0.0.0.0:50070
2013-10-12 13:51:51,662 INFO org.apache.hadoop.ipc.Server: IPC Server Responder: starting
2013-10-12 13:51:51,662 INFO org.apache.hadoop.ipc.Server: IPC Server listener on 9000: starting
2013-10-12 13:51:51,672 INFO org.apache.hadoop.ipc.Server: IPC Server handler 5 on 9000: starting
2013-10-12 13:51:51,673 INFO org.apache.hadoop.ipc.Server: IPC Server handler 0 on 9000: starting
2013-10-12 13:51:51,673 INFO org.apache.hadoop.ipc.Server: IPC Server handler 4 on 9000: starting
2013-10-12 13:51:51,673 INFO org.apache.hadoop.ipc.Server: IPC Server handler 3 on 9000: starting
2013-10-12 13:51:51,673 INFO org.apache.hadoop.ipc.Server: IPC Server handler 2 on 9000: starting
2013-10-12 13:51:51,673 INFO org.apache.hadoop.ipc.Server: IPC Server handler 1 on 9000: starting
2013-10-12 13:51:51,673 INFO org.apache.hadoop.ipc.Server: IPC Server handler 6 on 9000: starting
2013-10-12 13:51:51,673 INFO org.apache.hadoop.ipc.Server: IPC Server handler 7 on 9000: starting
2013-10-12 13:51:51,674 INFO org.apache.hadoop.ipc.Server: IPC Server handler 8 on 9000: starting
2013-10-12 13:51:51,681 INFO org.apache.hadoop.ipc.Server: IPC Server handler 9 on 9000: starting
2013-10-12 13:51:54,657 ERROR org.apache.hadoop.security.UserGroupInformation: PriviledgedActionException as:renlu cause:java.io.IOException: File /tmp/hadoop-renlu/mapred/system/jobtracker.info could only be replicated to 0 nodes, instead of 1
2013-10-12 13:51:54,658 INFO org.apache.hadoop.ipc.Server: IPC Server handler 6 on 9000, call addBlock(/tmp/hadoop-renlu/mapred/system/jobtracker.info, DFSClient_NONMAPREDUCE_1771528955_1, null) from 127.0.0.1:44032: error: java.io.IOException: File /tmp/hadoop-renlu/mapred/system/jobtracker.info could only be replicated to 0 nodes, instead of 1
java.io.IOException: File /tmp/hadoop-renlu/mapred/system/jobtracker.info could only be replicated to 0 nodes, instead of 1
	at org.apache.hadoop.hdfs.server.namenode.FSNamesystem.getAdditionalBlock(FSNamesystem.java:1920)
	at org.apache.hadoop.hdfs.server.namenode.NameNode.addBlock(NameNode.java:783)
	at sun.reflect.NativeMethodAccessorImpl.invoke0(Native Method)
	at sun.reflect.NativeMethodAccessorImpl.invoke(NativeMethodAccessorImpl.java:39)
	at sun.reflect.DelegatingMethodAccessorImpl.invoke(DelegatingMethodAccessorImpl.java:25)
	at java.lang.reflect.Method.invoke(Method.java:597)
	at org.apache.hadoop.ipc.RPC$Server.call(RPC.java:587)
	at org.apache.hadoop.ipc.Server$Handler$1.run(Server.java:1432)
	at org.apache.hadoop.ipc.Server$Handler$1.run(Server.java:1428)
	at java.security.AccessController.doPrivileged(Native Method)
	at javax.security.auth.Subject.doAs(Subject.java:396)
	at org.apache.hadoop.security.UserGroupInformation.doAs(UserGroupInformation.java:1190)
	at org.apache.hadoop.ipc.Server$Handler.run(Server.java:1426)
2013-10-12 13:51:55,685 ERROR org.apache.hadoop.security.UserGroupInformation: PriviledgedActionException as:renlu cause:java.io.IOException: File /tmp/hadoop-renlu/mapred/system/jobtracker.info could only be replicated to 0 nodes, instead of 1
2013-10-12 13:51:55,685 INFO org.apache.hadoop.ipc.Server: IPC Server handler 4 on 9000, call addBlock(/tmp/hadoop-renlu/mapred/system/jobtracker.info, DFSClient_NONMAPREDUCE_1771528955_1, null) from 127.0.0.1:44032: error: java.io.IOException: File /tmp/hadoop-renlu/mapred/system/jobtracker.info could only be replicated to 0 nodes, instead of 1
java.io.IOException: File /tmp/hadoop-renlu/mapred/system/jobtracker.info could only be replicated to 0 nodes, instead of 1
	at org.apache.hadoop.hdfs.server.namenode.FSNamesystem.getAdditionalBlock(FSNamesystem.java:1920)
	at org.apache.hadoop.hdfs.server.namenode.NameNode.addBlock(NameNode.java:783)
	at sun.reflect.NativeMethodAccessorImpl.invoke0(Native Method)
	at sun.reflect.NativeMethodAccessorImpl.invoke(NativeMethodAccessorImpl.java:39)
	at sun.reflect.DelegatingMethodAccessorImpl.invoke(DelegatingMethodAccessorImpl.java:25)
	at java.lang.reflect.Method.invoke(Method.java:597)
	at org.apache.hadoop.ipc.RPC$Server.call(RPC.java:587)
	at org.apache.hadoop.ipc.Server$Handler$1.run(Server.java:1432)
	at org.apache.hadoop.ipc.Server$Handler$1.run(Server.java:1428)
	at java.security.AccessController.doPrivileged(Native Method)
	at javax.security.auth.Subject.doAs(Subject.java:396)
	at org.apache.hadoop.security.UserGroupInformation.doAs(UserGroupInformation.java:1190)
	at org.apache.hadoop.ipc.Server$Handler.run(Server.java:1426)
2013-10-12 13:51:56,693 ERROR org.apache.hadoop.security.UserGroupInformation: PriviledgedActionException as:renlu cause:java.io.IOException: File /tmp/hadoop-renlu/mapred/system/jobtracker.info could only be replicated to 0 nodes, instead of 1
2013-10-12 13:51:56,693 INFO org.apache.hadoop.ipc.Server: IPC Server handler 9 on 9000, call addBlock(/tmp/hadoop-renlu/mapred/system/jobtracker.info, DFSClient_NONMAPREDUCE_1771528955_1, null) from 127.0.0.1:44032: error: java.io.IOException: File /tmp/hadoop-renlu/mapred/system/jobtracker.info could only be replicated to 0 nodes, instead of 1
java.io.IOException: File /tmp/hadoop-renlu/mapred/system/jobtracker.info could only be replicated to 0 nodes, instead of 1
	at org.apache.hadoop.hdfs.server.namenode.FSNamesystem.getAdditionalBlock(FSNamesystem.java:1920)
	at org.apache.hadoop.hdfs.server.namenode.NameNode.addBlock(NameNode.java:783)
	at sun.reflect.NativeMethodAccessorImpl.invoke0(Native Method)
	at sun.reflect.NativeMethodAccessorImpl.invoke(NativeMethodAccessorImpl.java:39)
	at sun.reflect.DelegatingMethodAccessorImpl.invoke(DelegatingMethodAccessorImpl.java:25)
	at java.lang.reflect.Method.invoke(Method.java:597)
	at org.apache.hadoop.ipc.RPC$Server.call(RPC.java:587)
	at org.apache.hadoop.ipc.Server$Handler$1.run(Server.java:1432)
	at org.apache.hadoop.ipc.Server$Handler$1.run(Server.java:1428)
	at java.security.AccessController.doPrivileged(Native Method)
	at javax.security.auth.Subject.doAs(Subject.java:396)
	at org.apache.hadoop.security.UserGroupInformation.doAs(UserGroupInformation.java:1190)
	at org.apache.hadoop.ipc.Server$Handler.run(Server.java:1426)
2013-10-12 13:51:57,705 ERROR org.apache.hadoop.security.UserGroupInformation: PriviledgedActionException as:renlu cause:java.io.IOException: File /tmp/hadoop-renlu/mapred/system/jobtracker.info could only be replicated to 0 nodes, instead of 1
2013-10-12 13:51:57,706 INFO org.apache.hadoop.ipc.Server: IPC Server handler 1 on 9000, call addBlock(/tmp/hadoop-renlu/mapred/system/jobtracker.info, DFSClient_NONMAPREDUCE_1771528955_1, null) from 127.0.0.1:44032: error: java.io.IOException: File /tmp/hadoop-renlu/mapred/system/jobtracker.info could only be replicated to 0 nodes, instead of 1
java.io.IOException: File /tmp/hadoop-renlu/mapred/system/jobtracker.info could only be replicated to 0 nodes, instead of 1
	at org.apache.hadoop.hdfs.server.namenode.FSNamesystem.getAdditionalBlock(FSNamesystem.java:1920)
	at org.apache.hadoop.hdfs.server.namenode.NameNode.addBlock(NameNode.java:783)
	at sun.reflect.NativeMethodAccessorImpl.invoke0(Native Method)
	at sun.reflect.NativeMethodAccessorImpl.invoke(NativeMethodAccessorImpl.java:39)
	at sun.reflect.DelegatingMethodAccessorImpl.invoke(DelegatingMethodAccessorImpl.java:25)
	at java.lang.reflect.Method.invoke(Method.java:597)
	at org.apache.hadoop.ipc.RPC$Server.call(RPC.java:587)
	at org.apache.hadoop.ipc.Server$Handler$1.run(Server.java:1432)
	at org.apache.hadoop.ipc.Server$Handler$1.run(Server.java:1428)
	at java.security.AccessController.doPrivileged(Native Method)
	at javax.security.auth.Subject.doAs(Subject.java:396)
	at org.apache.hadoop.security.UserGroupInformation.doAs(UserGroupInformation.java:1190)
	at org.apache.hadoop.ipc.Server$Handler.run(Server.java:1426)
2013-10-12 13:51:58,716 ERROR org.apache.hadoop.security.UserGroupInformation: PriviledgedActionException as:renlu cause:java.io.IOException: File /tmp/hadoop-renlu/mapred/system/jobtracker.info could only be replicated to 0 nodes, instead of 1
2013-10-12 13:51:58,716 INFO org.apache.hadoop.ipc.Server: IPC Server handler 0 on 9000, call addBlock(/tmp/hadoop-renlu/mapred/system/jobtracker.info, DFSClient_NONMAPREDUCE_1771528955_1, null) from 127.0.0.1:44032: error: java.io.IOException: File /tmp/hadoop-renlu/mapred/system/jobtracker.info could only be replicated to 0 nodes, instead of 1
java.io.IOException: File /tmp/hadoop-renlu/mapred/system/jobtracker.info could only be replicated to 0 nodes, instead of 1
	at org.apache.hadoop.hdfs.server.namenode.FSNamesystem.getAdditionalBlock(FSNamesystem.java:1920)
	at org.apache.hadoop.hdfs.server.namenode.NameNode.addBlock(NameNode.java:783)
	at sun.reflect.NativeMethodAccessorImpl.invoke0(Native Method)
	at sun.reflect.NativeMethodAccessorImpl.invoke(NativeMethodAccessorImpl.java:39)
	at sun.reflect.DelegatingMethodAccessorImpl.invoke(DelegatingMethodAccessorImpl.java:25)
	at java.lang.reflect.Method.invoke(Method.java:597)
	at org.apache.hadoop.ipc.RPC$Server.call(RPC.java:587)
	at org.apache.hadoop.ipc.Server$Handler$1.run(Server.java:1432)
	at org.apache.hadoop.ipc.Server$Handler$1.run(Server.java:1428)
	at java.security.AccessController.doPrivileged(Native Method)
	at javax.security.auth.Subject.doAs(Subject.java:396)
	at org.apache.hadoop.security.UserGroupInformation.doAs(UserGroupInformation.java:1190)
	at org.apache.hadoop.ipc.Server$Handler.run(Server.java:1426)
2013-10-12 13:51:59,725 ERROR org.apache.hadoop.security.UserGroupInformation: PriviledgedActionException as:renlu cause:java.io.IOException: File /tmp/hadoop-renlu/mapred/system/jobtracker.info could only be replicated to 0 nodes, instead of 1
2013-10-12 13:51:59,725 INFO org.apache.hadoop.ipc.Server: IPC Server handler 7 on 9000, call addBlock(/tmp/hadoop-renlu/mapred/system/jobtracker.info, DFSClient_NONMAPREDUCE_1771528955_1, null) from 127.0.0.1:44032: error: java.io.IOException: File /tmp/hadoop-renlu/mapred/system/jobtracker.info could only be replicated to 0 nodes, instead of 1
java.io.IOException: File /tmp/hadoop-renlu/mapred/system/jobtracker.info could only be replicated to 0 nodes, instead of 1
	at org.apache.hadoop.hdfs.server.namenode.FSNamesystem.getAdditionalBlock(FSNamesystem.java:1920)
	at org.apache.hadoop.hdfs.server.namenode.NameNode.addBlock(NameNode.java:783)
	at sun.reflect.NativeMethodAccessorImpl.invoke0(Native Method)
	at sun.reflect.NativeMethodAccessorImpl.invoke(NativeMethodAccessorImpl.java:39)
	at sun.reflect.DelegatingMethodAccessorImpl.invoke(DelegatingMethodAccessorImpl.java:25)
	at java.lang.reflect.Method.invoke(Method.java:597)
	at org.apache.hadoop.ipc.RPC$Server.call(RPC.java:587)
	at org.apache.hadoop.ipc.Server$Handler$1.run(Server.java:1432)
	at org.apache.hadoop.ipc.Server$Handler$1.run(Server.java:1428)
	at java.security.AccessController.doPrivileged(Native Method)
	at javax.security.auth.Subject.doAs(Subject.java:396)
	at org.apache.hadoop.security.UserGroupInformation.doAs(UserGroupInformation.java:1190)
	at org.apache.hadoop.ipc.Server$Handler.run(Server.java:1426)
2013-10-12 13:52:00,733 ERROR org.apache.hadoop.security.UserGroupInformation: PriviledgedActionException as:renlu cause:java.io.IOException: File /tmp/hadoop-renlu/mapred/system/jobtracker.info could only be replicated to 0 nodes, instead of 1
2013-10-12 13:52:00,733 INFO org.apache.hadoop.ipc.Server: IPC Server handler 3 on 9000, call addBlock(/tmp/hadoop-renlu/mapred/system/jobtracker.info, DFSClient_NONMAPREDUCE_1771528955_1, null) from 127.0.0.1:44032: error: java.io.IOException: File /tmp/hadoop-renlu/mapred/system/jobtracker.info could only be replicated to 0 nodes, instead of 1
java.io.IOException: File /tmp/hadoop-renlu/mapred/system/jobtracker.info could only be replicated to 0 nodes, instead of 1
	at org.apache.hadoop.hdfs.server.namenode.FSNamesystem.getAdditionalBlock(FSNamesystem.java:1920)
	at org.apache.hadoop.hdfs.server.namenode.NameNode.addBlock(NameNode.java:783)
	at sun.reflect.NativeMethodAccessorImpl.invoke0(Native Method)
	at sun.reflect.NativeMethodAccessorImpl.invoke(NativeMethodAccessorImpl.java:39)
	at sun.reflect.DelegatingMethodAccessorImpl.invoke(DelegatingMethodAccessorImpl.java:25)
	at java.lang.reflect.Method.invoke(Method.java:597)
	at org.apache.hadoop.ipc.RPC$Server.call(RPC.java:587)
	at org.apache.hadoop.ipc.Server$Handler$1.run(Server.java:1432)
	at org.apache.hadoop.ipc.Server$Handler$1.run(Server.java:1428)
	at java.security.AccessController.doPrivileged(Native Method)
	at javax.security.auth.Subject.doAs(Subject.java:396)
	at org.apache.hadoop.security.UserGroupInformation.doAs(UserGroupInformation.java:1190)
	at org.apache.hadoop.ipc.Server$Handler.run(Server.java:1426)
2013-10-12 13:52:01,747 ERROR org.apache.hadoop.security.UserGroupInformation: PriviledgedActionException as:renlu cause:java.io.IOException: File /tmp/hadoop-renlu/mapred/system/jobtracker.info could only be replicated to 0 nodes, instead of 1
2013-10-12 13:52:01,747 INFO org.apache.hadoop.ipc.Server: IPC Server handler 9 on 9000, call addBlock(/tmp/hadoop-renlu/mapred/system/jobtracker.info, DFSClient_NONMAPREDUCE_1771528955_1, null) from 127.0.0.1:44032: error: java.io.IOException: File /tmp/hadoop-renlu/mapred/system/jobtracker.info could only be replicated to 0 nodes, instead of 1
java.io.IOException: File /tmp/hadoop-renlu/mapred/system/jobtracker.info could only be replicated to 0 nodes, instead of 1
	at org.apache.hadoop.hdfs.server.namenode.FSNamesystem.getAdditionalBlock(FSNamesystem.java:1920)
	at org.apache.hadoop.hdfs.server.namenode.NameNode.addBlock(NameNode.java:783)
	at sun.reflect.NativeMethodAccessorImpl.invoke0(Native Method)
	at sun.reflect.NativeMethodAccessorImpl.invoke(NativeMethodAccessorImpl.java:39)
	at sun.reflect.DelegatingMethodAccessorImpl.invoke(DelegatingMethodAccessorImpl.java:25)
	at java.lang.reflect.Method.invoke(Method.java:597)
	at org.apache.hadoop.ipc.RPC$Server.call(RPC.java:587)
	at org.apache.hadoop.ipc.Server$Handler$1.run(Server.java:1432)
	at org.apache.hadoop.ipc.Server$Handler$1.run(Server.java:1428)
	at java.security.AccessController.doPrivileged(Native Method)
	at javax.security.auth.Subject.doAs(Subject.java:396)
	at org.apache.hadoop.security.UserGroupInformation.doAs(UserGroupInformation.java:1190)
	at org.apache.hadoop.ipc.Server$Handler.run(Server.java:1426)
2013-10-12 13:52:02,756 ERROR org.apache.hadoop.security.UserGroupInformation: PriviledgedActionException as:renlu cause:java.io.IOException: File /tmp/hadoop-renlu/mapred/system/jobtracker.info could only be replicated to 0 nodes, instead of 1
2013-10-12 13:52:02,756 INFO org.apache.hadoop.ipc.Server: IPC Server handler 1 on 9000, call addBlock(/tmp/hadoop-renlu/mapred/system/jobtracker.info, DFSClient_NONMAPREDUCE_1771528955_1, null) from 127.0.0.1:44032: error: java.io.IOException: File /tmp/hadoop-renlu/mapred/system/jobtracker.info could only be replicated to 0 nodes, instead of 1
java.io.IOException: File /tmp/hadoop-renlu/mapred/system/jobtracker.info could only be replicated to 0 nodes, instead of 1
	at org.apache.hadoop.hdfs.server.namenode.FSNamesystem.getAdditionalBlock(FSNamesystem.java:1920)
	at org.apache.hadoop.hdfs.server.namenode.NameNode.addBlock(NameNode.java:783)
	at sun.reflect.NativeMethodAccessorImpl.invoke0(Native Method)
	at sun.reflect.NativeMethodAccessorImpl.invoke(NativeMethodAccessorImpl.java:39)
	at sun.reflect.DelegatingMethodAccessorImpl.invoke(DelegatingMethodAccessorImpl.java:25)
	at java.lang.reflect.Method.invoke(Method.java:597)
	at org.apache.hadoop.ipc.RPC$Server.call(RPC.java:587)
	at org.apache.hadoop.ipc.Server$Handler$1.run(Server.java:1432)
	at org.apache.hadoop.ipc.Server$Handler$1.run(Server.java:1428)
	at java.security.AccessController.doPrivileged(Native Method)
	at javax.security.auth.Subject.doAs(Subject.java:396)
	at org.apache.hadoop.security.UserGroupInformation.doAs(UserGroupInformation.java:1190)
	at org.apache.hadoop.ipc.Server$Handler.run(Server.java:1426)
2013-10-12 13:52:03,765 ERROR org.apache.hadoop.security.UserGroupInformation: PriviledgedActionException as:renlu cause:java.io.IOException: File /tmp/hadoop-renlu/mapred/system/jobtracker.info could only be replicated to 0 nodes, instead of 1
2013-10-12 13:52:03,765 INFO org.apache.hadoop.ipc.Server: IPC Server handler 0 on 9000, call addBlock(/tmp/hadoop-renlu/mapred/system/jobtracker.info, DFSClient_NONMAPREDUCE_1771528955_1, null) from 127.0.0.1:44032: error: java.io.IOException: File /tmp/hadoop-renlu/mapred/system/jobtracker.info could only be replicated to 0 nodes, instead of 1
java.io.IOException: File /tmp/hadoop-renlu/mapred/system/jobtracker.info could only be replicated to 0 nodes, instead of 1
	at org.apache.hadoop.hdfs.server.namenode.FSNamesystem.getAdditionalBlock(FSNamesystem.java:1920)
	at org.apache.hadoop.hdfs.server.namenode.NameNode.addBlock(NameNode.java:783)
	at sun.reflect.NativeMethodAccessorImpl.invoke0(Native Method)
	at sun.reflect.NativeMethodAccessorImpl.invoke(NativeMethodAccessorImpl.java:39)
	at sun.reflect.DelegatingMethodAccessorImpl.invoke(DelegatingMethodAccessorImpl.java:25)
	at java.lang.reflect.Method.invoke(Method.java:597)
	at org.apache.hadoop.ipc.RPC$Server.call(RPC.java:587)
	at org.apache.hadoop.ipc.Server$Handler$1.run(Server.java:1432)
	at org.apache.hadoop.ipc.Server$Handler$1.run(Server.java:1428)
	at java.security.AccessController.doPrivileged(Native Method)
	at javax.security.auth.Subject.doAs(Subject.java:396)
	at org.apache.hadoop.security.UserGroupInformation.doAs(UserGroupInformation.java:1190)
	at org.apache.hadoop.ipc.Server$Handler.run(Server.java:1426)
2013-10-12 13:52:04,780 ERROR org.apache.hadoop.security.UserGroupInformation: PriviledgedActionException as:renlu cause:java.io.IOException: File /tmp/hadoop-renlu/mapred/system/jobtracker.info could only be replicated to 0 nodes, instead of 1
2013-10-12 13:52:04,780 INFO org.apache.hadoop.ipc.Server: IPC Server handler 7 on 9000, call addBlock(/tmp/hadoop-renlu/mapred/system/jobtracker.info, DFSClient_NONMAPREDUCE_1771528955_1, null) from 127.0.0.1:44032: error: java.io.IOException: File /tmp/hadoop-renlu/mapred/system/jobtracker.info could only be replicated to 0 nodes, instead of 1
java.io.IOException: File /tmp/hadoop-renlu/mapred/system/jobtracker.info could only be replicated to 0 nodes, instead of 1
	at org.apache.hadoop.hdfs.server.namenode.FSNamesystem.getAdditionalBlock(FSNamesystem.java:1920)
	at org.apache.hadoop.hdfs.server.namenode.NameNode.addBlock(NameNode.java:783)
	at sun.reflect.NativeMethodAccessorImpl.invoke0(Native Method)
	at sun.reflect.NativeMethodAccessorImpl.invoke(NativeMethodAccessorImpl.java:39)
	at sun.reflect.DelegatingMethodAccessorImpl.invoke(DelegatingMethodAccessorImpl.java:25)
	at java.lang.reflect.Method.invoke(Method.java:597)
	at org.apache.hadoop.ipc.RPC$Server.call(RPC.java:587)
	at org.apache.hadoop.ipc.Server$Handler$1.run(Server.java:1432)
	at org.apache.hadoop.ipc.Server$Handler$1.run(Server.java:1428)
	at java.security.AccessController.doPrivileged(Native Method)
	at javax.security.auth.Subject.doAs(Subject.java:396)
	at org.apache.hadoop.security.UserGroupInformation.doAs(UserGroupInformation.java:1190)
	at org.apache.hadoop.ipc.Server$Handler.run(Server.java:1426)
2013-10-12 13:52:05,812 ERROR org.apache.hadoop.security.UserGroupInformation: PriviledgedActionException as:renlu cause:java.io.IOException: File /tmp/hadoop-renlu/mapred/system/jobtracker.info could only be replicated to 0 nodes, instead of 1
2013-10-12 13:52:05,812 INFO org.apache.hadoop.ipc.Server: IPC Server handler 3 on 9000, call addBlock(/tmp/hadoop-renlu/mapred/system/jobtracker.info, DFSClient_NONMAPREDUCE_1771528955_1, null) from 127.0.0.1:44032: error: java.io.IOException: File /tmp/hadoop-renlu/mapred/system/jobtracker.info could only be replicated to 0 nodes, instead of 1
java.io.IOException: File /tmp/hadoop-renlu/mapred/system/jobtracker.info could only be replicated to 0 nodes, instead of 1
	at org.apache.hadoop.hdfs.server.namenode.FSNamesystem.getAdditionalBlock(FSNamesystem.java:1920)
	at org.apache.hadoop.hdfs.server.namenode.NameNode.addBlock(NameNode.java:783)
	at sun.reflect.NativeMethodAccessorImpl.invoke0(Native Method)
	at sun.reflect.NativeMethodAccessorImpl.invoke(NativeMethodAccessorImpl.java:39)
	at sun.reflect.DelegatingMethodAccessorImpl.invoke(DelegatingMethodAccessorImpl.java:25)
	at java.lang.reflect.Method.invoke(Method.java:597)
	at org.apache.hadoop.ipc.RPC$Server.call(RPC.java:587)
	at org.apache.hadoop.ipc.Server$Handler$1.run(Server.java:1432)
	at org.apache.hadoop.ipc.Server$Handler$1.run(Server.java:1428)
	at java.security.AccessController.doPrivileged(Native Method)
	at javax.security.auth.Subject.doAs(Subject.java:396)
	at org.apache.hadoop.security.UserGroupInformation.doAs(UserGroupInformation.java:1190)
	at org.apache.hadoop.ipc.Server$Handler.run(Server.java:1426)
2013-10-12 13:52:06,606 INFO org.apache.hadoop.hdfs.StateChange: BLOCK* registerDatanode: node registration from 127.0.0.1:50010 storage DS-1558967471-127.0.1.1-50010-1381582326601
2013-10-12 13:52:06,608 INFO org.apache.hadoop.net.NetworkTopology: Adding a new node: /default-rack/127.0.0.1:50010
2013-10-12 13:52:06,611 INFO org.apache.hadoop.hdfs.StateChange: *BLOCK* NameNode.blocksBeingWrittenReport: from 127.0.0.1:50010 0 blocks
2013-10-12 13:52:06,653 INFO org.apache.hadoop.hdfs.StateChange: *BLOCK* processReport: from 127.0.0.1:50010, blocks: 0, processing time: 2 msecs
2013-10-12 13:52:06,824 INFO org.apache.hadoop.hdfs.StateChange: BLOCK* allocateBlock: /tmp/hadoop-renlu/mapred/system/jobtracker.info. blk_-1636113496904720089_1013
2013-10-12 13:52:07,017 INFO org.apache.hadoop.hdfs.StateChange: BLOCK* addStoredBlock: blockMap updated: 127.0.0.1:50010 is added to blk_-1636113496904720089_1013 size 4
2013-10-12 13:52:07,028 INFO org.apache.hadoop.hdfs.StateChange: Removing lease on  /tmp/hadoop-renlu/mapred/system/jobtracker.info from client DFSClient_NONMAPREDUCE_1771528955_1
2013-10-12 13:52:07,028 INFO org.apache.hadoop.hdfs.StateChange: DIR* completeFile: /tmp/hadoop-renlu/mapred/system/jobtracker.info is closed by DFSClient_NONMAPREDUCE_1771528955_1
2013-10-12 13:53:43,144 INFO org.apache.hadoop.hdfs.server.namenode.FSEditLog: Number of transactions: 62 Total time for transactions(ms): 2 Number of transactions batched in Syncs: 0 Number of syncs: 41 SyncTimes(ms): 72 
2013-10-12 13:54:43,152 INFO org.apache.hadoop.hdfs.server.namenode.FSEditLog: Number of transactions: 64 Total time for transactions(ms): 2 Number of transactions batched in Syncs: 0 Number of syncs: 42 SyncTimes(ms): 73 
2013-10-12 13:54:43,183 INFO org.apache.hadoop.hdfs.StateChange: BLOCK* allocateBlock: /tmp/hive-renlu/hive_2013-10-12_13-54-42_963_2809132309901429948/-ext-10000/data1. blk_-14594871525750281_1014
2013-10-12 13:54:43,201 INFO org.apache.hadoop.hdfs.StateChange: BLOCK* addStoredBlock: blockMap updated: 127.0.0.1:50010 is added to blk_-14594871525750281_1014 size 27
2013-10-12 13:54:43,204 INFO org.apache.hadoop.hdfs.StateChange: Removing lease on  /tmp/hive-renlu/hive_2013-10-12_13-54-42_963_2809132309901429948/-ext-10000/data1 from client DFSClient_NONMAPREDUCE_-477486194_1
2013-10-12 13:54:43,205 INFO org.apache.hadoop.hdfs.StateChange: DIR* completeFile: /tmp/hive-renlu/hive_2013-10-12_13-54-42_963_2809132309901429948/-ext-10000/data1 is closed by DFSClient_NONMAPREDUCE_-477486194_1
2013-10-12 13:56:53,604 INFO org.apache.hadoop.hdfs.server.namenode.FSNamesystem: Roll Edit Log from 127.0.0.1
2013-10-12 13:56:53,613 INFO org.apache.hadoop.hdfs.server.namenode.FSEditLog: Number of transactions: 74 Total time for transactions(ms): 2 Number of transactions batched in Syncs: 0 Number of syncs: 51 SyncTimes(ms): 77 
2013-10-12 13:56:53,613 INFO org.apache.hadoop.hdfs.server.namenode.FSEditLog: closing edit log: position=6033, editlog=/tmp/hadoop-renlu/dfs/name/current/edits
2013-10-12 13:56:53,613 INFO org.apache.hadoop.hdfs.server.namenode.FSEditLog: close success: truncate to 6033, editlog=/tmp/hadoop-renlu/dfs/name/current/edits
2013-10-12 13:56:54,428 INFO org.apache.hadoop.hdfs.server.namenode.TransferFsImage: Opening connection to http://0.0.0.0:50090/getimage?getimage=1
2013-10-12 13:56:54,488 INFO org.apache.hadoop.hdfs.server.namenode.GetImageServlet: Downloaded new fsimage with checksum: 65f721123a97d38cca0dfbf7f56bf6b0
2013-10-12 13:56:54,491 INFO org.apache.hadoop.hdfs.server.namenode.FSNamesystem: Roll FSImage from 127.0.0.1
2013-10-12 13:56:54,491 INFO org.apache.hadoop.hdfs.server.namenode.FSEditLog: Number of transactions: 0 Total time for transactions(ms): 0 Number of transactions batched in Syncs: 0 Number of syncs: 1 SyncTimes(ms): 23 
2013-10-12 13:56:54,491 INFO org.apache.hadoop.hdfs.server.namenode.FSEditLog: closing edit log: position=4, editlog=/tmp/hadoop-renlu/dfs/name/current/edits.new
2013-10-12 13:56:54,492 INFO org.apache.hadoop.hdfs.server.namenode.FSEditLog: close success: truncate to 4, editlog=/tmp/hadoop-renlu/dfs/name/current/edits.new
2013-10-12 13:57:20,403 INFO org.apache.hadoop.hdfs.StateChange: BLOCK* allocateBlock: /tmp/hive-renlu/hive_2013-10-12_13-57-20_364_1512908505447856381/-ext-10000/data1. blk_7220328267774592416_1015
2013-10-12 13:57:20,408 INFO org.apache.hadoop.hdfs.StateChange: BLOCK* addStoredBlock: blockMap updated: 127.0.0.1:50010 is added to blk_7220328267774592416_1015 size 27
2013-10-12 13:57:20,410 INFO org.apache.hadoop.hdfs.StateChange: Removing lease on  /tmp/hive-renlu/hive_2013-10-12_13-57-20_364_1512908505447856381/-ext-10000/data1 from client DFSClient_NONMAPREDUCE_-477486194_1
2013-10-12 13:57:20,410 INFO org.apache.hadoop.hdfs.StateChange: DIR* completeFile: /tmp/hive-renlu/hive_2013-10-12_13-57-20_364_1512908505447856381/-ext-10000/data1 is closed by DFSClient_NONMAPREDUCE_-477486194_1
2013-10-12 13:57:20,473 INFO org.apache.hadoop.hdfs.StateChange: BLOCK* addToInvalidates: blk_-14594871525750281 to 127.0.0.1:50010 
2013-10-12 13:57:22,308 INFO org.apache.hadoop.hdfs.StateChange: BLOCK* ask 127.0.0.1:50010 to delete  blk_-14594871525750281_1014
2013-10-12 14:00:44,101 INFO org.apache.hadoop.hdfs.server.namenode.FSEditLog: Number of transactions: 10 Total time for transactions(ms): 0 Number of transactions batched in Syncs: 0 Number of syncs: 7 SyncTimes(ms): 7 
2013-10-12 14:00:44,113 INFO org.apache.hadoop.hdfs.StateChange: BLOCK* allocateBlock: /tmp/hive-renlu/hive_2013-10-12_14-00-44_080_5672031223099220936/-ext-10000/data1. blk_-91944709639703848_1016
2013-10-12 14:00:44,134 INFO org.apache.hadoop.hdfs.StateChange: BLOCK* addStoredBlock: blockMap updated: 127.0.0.1:50010 is added to blk_-91944709639703848_1016 size 27
2013-10-12 14:00:44,137 INFO org.apache.hadoop.hdfs.StateChange: Removing lease on  /tmp/hive-renlu/hive_2013-10-12_14-00-44_080_5672031223099220936/-ext-10000/data1 from client DFSClient_NONMAPREDUCE_-477486194_1
2013-10-12 14:00:44,137 INFO org.apache.hadoop.hdfs.StateChange: DIR* completeFile: /tmp/hive-renlu/hive_2013-10-12_14-00-44_080_5672031223099220936/-ext-10000/data1 is closed by DFSClient_NONMAPREDUCE_-477486194_1
2013-10-12 14:02:36,348 INFO org.apache.hadoop.hdfs.server.namenode.FSEditLog: Number of transactions: 19 Total time for transactions(ms): 1 Number of transactions batched in Syncs: 0 Number of syncs: 14 SyncTimes(ms): 10 
2013-10-12 14:02:36,361 INFO org.apache.hadoop.hdfs.StateChange: BLOCK* allocateBlock: /tmp/hive-renlu/hive_2013-10-12_14-02-36_320_4173183888928901757/-ext-10000/data1. blk_5629362901075385369_1017
2013-10-12 14:02:36,365 INFO org.apache.hadoop.hdfs.StateChange: BLOCK* addStoredBlock: blockMap updated: 127.0.0.1:50010 is added to blk_5629362901075385369_1017 size 27
2013-10-12 14:02:36,367 INFO org.apache.hadoop.hdfs.StateChange: Removing lease on  /tmp/hive-renlu/hive_2013-10-12_14-02-36_320_4173183888928901757/-ext-10000/data1 from client DFSClient_NONMAPREDUCE_-477486194_1
2013-10-12 14:02:36,367 INFO org.apache.hadoop.hdfs.StateChange: DIR* completeFile: /tmp/hive-renlu/hive_2013-10-12_14-02-36_320_4173183888928901757/-ext-10000/data1 is closed by DFSClient_NONMAPREDUCE_-477486194_1
2013-10-12 14:02:41,868 INFO org.apache.hadoop.hdfs.StateChange: BLOCK* allocateBlock: /tmp/hive-renlu/hive_2013-10-12_14-02-41_844_3511350477465168339/-ext-10000/data1. blk_-9033868557108458367_1018
2013-10-12 14:02:41,901 INFO org.apache.hadoop.hdfs.StateChange: BLOCK* addStoredBlock: blockMap updated: 127.0.0.1:50010 is added to blk_-9033868557108458367_1018 size 27
2013-10-12 14:02:41,902 INFO org.apache.hadoop.hdfs.StateChange: Removing lease on  /tmp/hive-renlu/hive_2013-10-12_14-02-41_844_3511350477465168339/-ext-10000/data1 from client DFSClient_NONMAPREDUCE_-477486194_1
2013-10-12 14:02:41,902 INFO org.apache.hadoop.hdfs.StateChange: DIR* completeFile: /tmp/hive-renlu/hive_2013-10-12_14-02-41_844_3511350477465168339/-ext-10000/data1 is closed by DFSClient_NONMAPREDUCE_-477486194_1
2013-10-12 14:02:41,952 INFO org.apache.hadoop.hdfs.StateChange: BLOCK* addToInvalidates: blk_7220328267774592416 to 127.0.0.1:50010 
2013-10-12 14:02:41,952 INFO org.apache.hadoop.hdfs.StateChange: BLOCK* addToInvalidates: blk_-91944709639703848 to 127.0.0.1:50010 
2013-10-12 14:02:41,952 INFO org.apache.hadoop.hdfs.StateChange: BLOCK* addToInvalidates: blk_5629362901075385369 to 127.0.0.1:50010 
2013-10-12 14:02:43,389 INFO org.apache.hadoop.hdfs.StateChange: BLOCK* ask 127.0.0.1:50010 to delete  blk_5629362901075385369_1017 blk_-91944709639703848_1016 blk_7220328267774592416_1015
2013-10-12 14:04:57,155 ERROR org.apache.hadoop.security.UserGroupInformation: PriviledgedActionException as:renlu cause:java.io.FileNotFoundException: Parent path is not a directory: /user/hive/warehouse/tb_users/data1
2013-10-12 14:04:57,155 INFO org.apache.hadoop.ipc.Server: IPC Server handler 0 on 9000, call mkdirs(/user/hive/warehouse/tb_users/data1, rwxr-xr-x) from 127.0.0.1:42125: error: java.io.FileNotFoundException: Parent path is not a directory: /user/hive/warehouse/tb_users/data1
java.io.FileNotFoundException: Parent path is not a directory: /user/hive/warehouse/tb_users/data1
	at org.apache.hadoop.hdfs.server.namenode.FSDirectory.mkdirs(FSDirectory.java:1054)
	at org.apache.hadoop.hdfs.server.namenode.FSNamesystem.mkdirsInternal(FSNamesystem.java:2510)
	at org.apache.hadoop.hdfs.server.namenode.FSNamesystem.mkdirs(FSNamesystem.java:2469)
	at org.apache.hadoop.hdfs.server.namenode.NameNode.mkdirs(NameNode.java:911)
	at sun.reflect.NativeMethodAccessorImpl.invoke0(Native Method)
	at sun.reflect.NativeMethodAccessorImpl.invoke(NativeMethodAccessorImpl.java:39)
	at sun.reflect.DelegatingMethodAccessorImpl.invoke(DelegatingMethodAccessorImpl.java:25)
	at java.lang.reflect.Method.invoke(Method.java:597)
	at org.apache.hadoop.ipc.RPC$Server.call(RPC.java:587)
	at org.apache.hadoop.ipc.Server$Handler$1.run(Server.java:1432)
	at org.apache.hadoop.ipc.Server$Handler$1.run(Server.java:1428)
	at java.security.AccessController.doPrivileged(Native Method)
	at javax.security.auth.Subject.doAs(Subject.java:396)
	at org.apache.hadoop.security.UserGroupInformation.doAs(UserGroupInformation.java:1190)
	at org.apache.hadoop.ipc.Server$Handler.run(Server.java:1426)
2013-10-12 14:05:15,155 INFO org.apache.hadoop.hdfs.server.namenode.FSEditLog: Number of transactions: 39 Total time for transactions(ms): 1 Number of transactions batched in Syncs: 0 Number of syncs: 30 SyncTimes(ms): 15 
2013-10-12 14:05:23,920 INFO org.apache.hadoop.hdfs.StateChange: BLOCK* allocateBlock: /tmp/hive-renlu/hive_2013-10-12_14-05-23_559_8549249605667733327/-mr-10003/4d2d6111-6a46-4a20-a158-b93245547352. blk_1173492747939198813_1019
2013-10-12 14:05:23,925 INFO org.apache.hadoop.hdfs.StateChange: BLOCK* addStoredBlock: blockMap updated: 127.0.0.1:50010 is added to blk_1173492747939198813_1019 size 24167
2013-10-12 14:05:23,927 INFO org.apache.hadoop.hdfs.StateChange: Removing lease on  /tmp/hive-renlu/hive_2013-10-12_14-05-23_559_8549249605667733327/-mr-10003/4d2d6111-6a46-4a20-a158-b93245547352 from client DFSClient_NONMAPREDUCE_1057853360_1
2013-10-12 14:05:23,927 INFO org.apache.hadoop.hdfs.StateChange: DIR* completeFile: /tmp/hive-renlu/hive_2013-10-12_14-05-23_559_8549249605667733327/-mr-10003/4d2d6111-6a46-4a20-a158-b93245547352 is closed by DFSClient_NONMAPREDUCE_1057853360_1
2013-10-12 14:05:23,940 INFO org.apache.hadoop.hdfs.server.namenode.FSNamesystem: Increasing replication for /tmp/hive-renlu/hive_2013-10-12_14-05-23_559_8549249605667733327/-mr-10003/4d2d6111-6a46-4a20-a158-b93245547352. New replication is 10
2013-10-12 14:05:24,184 INFO org.apache.hadoop.hdfs.StateChange: BLOCK* allocateBlock: /tmp/hadoop-renlu/mapred/staging/renlu/.staging/job_201310121351_0001/libjars/hive-builtins-0.10.0.jar. blk_1030368859556645538_1020
2013-10-12 14:05:24,189 INFO org.apache.hadoop.hdfs.StateChange: BLOCK* addStoredBlock: blockMap updated: 127.0.0.1:50010 is added to blk_1030368859556645538_1020 size 3914
2013-10-12 14:05:24,190 INFO org.apache.hadoop.hdfs.StateChange: Removing lease on  /tmp/hadoop-renlu/mapred/staging/renlu/.staging/job_201310121351_0001/libjars/hive-builtins-0.10.0.jar from client DFSClient_NONMAPREDUCE_1057853360_1
2013-10-12 14:05:24,191 INFO org.apache.hadoop.hdfs.StateChange: DIR* completeFile: /tmp/hadoop-renlu/mapred/staging/renlu/.staging/job_201310121351_0001/libjars/hive-builtins-0.10.0.jar is closed by DFSClient_NONMAPREDUCE_1057853360_1
2013-10-12 14:05:24,192 INFO org.apache.hadoop.hdfs.server.namenode.FSNamesystem: Increasing replication for /tmp/hadoop-renlu/mapred/staging/renlu/.staging/job_201310121351_0001/libjars/hive-builtins-0.10.0.jar. New replication is 10
2013-10-12 14:05:24,229 INFO org.apache.hadoop.hdfs.StateChange: BLOCK* allocateBlock: /tmp/hadoop-renlu/mapred/staging/renlu/.staging/job_201310121351_0001/job.jar. blk_5504713058758013422_1021
2013-10-12 14:05:24,442 INFO org.apache.hadoop.hdfs.StateChange: BLOCK* addStoredBlock: blockMap updated: 127.0.0.1:50010 is added to blk_5504713058758013422_1021 size 4854977
2013-10-12 14:05:24,443 INFO org.apache.hadoop.hdfs.StateChange: Removing lease on  /tmp/hadoop-renlu/mapred/staging/renlu/.staging/job_201310121351_0001/job.jar from client DFSClient_NONMAPREDUCE_1057853360_1
2013-10-12 14:05:24,443 INFO org.apache.hadoop.hdfs.StateChange: DIR* completeFile: /tmp/hadoop-renlu/mapred/staging/renlu/.staging/job_201310121351_0001/job.jar is closed by DFSClient_NONMAPREDUCE_1057853360_1
2013-10-12 14:05:24,453 INFO org.apache.hadoop.hdfs.server.namenode.FSNamesystem: Increasing replication for /tmp/hadoop-renlu/mapred/staging/renlu/.staging/job_201310121351_0001/job.jar. New replication is 10
2013-10-12 14:05:24,493 INFO org.apache.hadoop.hdfs.server.namenode.FSNamesystem: Increasing replication for /tmp/hadoop-renlu/mapred/staging/renlu/.staging/job_201310121351_0001/job.split. New replication is 10
2013-10-12 14:05:24,495 INFO org.apache.hadoop.hdfs.StateChange: BLOCK* allocateBlock: /tmp/hadoop-renlu/mapred/staging/renlu/.staging/job_201310121351_0001/job.split. blk_-163881820661506364_1022
2013-10-12 14:05:24,498 INFO org.apache.hadoop.hdfs.StateChange: BLOCK* addStoredBlock: blockMap updated: 127.0.0.1:50010 is added to blk_-163881820661506364_1022 size 217
2013-10-12 14:05:24,499 INFO org.apache.hadoop.hdfs.StateChange: Removing lease on  /tmp/hadoop-renlu/mapred/staging/renlu/.staging/job_201310121351_0001/job.split from client DFSClient_NONMAPREDUCE_1057853360_1
2013-10-12 14:05:24,499 INFO org.apache.hadoop.hdfs.StateChange: DIR* completeFile: /tmp/hadoop-renlu/mapred/staging/renlu/.staging/job_201310121351_0001/job.split is closed by DFSClient_NONMAPREDUCE_1057853360_1
2013-10-12 14:05:24,505 INFO org.apache.hadoop.hdfs.StateChange: BLOCK* allocateBlock: /tmp/hadoop-renlu/mapred/staging/renlu/.staging/job_201310121351_0001/job.splitmetainfo. blk_-3388481952547361768_1023
2013-10-12 14:05:24,509 INFO org.apache.hadoop.hdfs.StateChange: BLOCK* addStoredBlock: blockMap updated: 127.0.0.1:50010 is added to blk_-3388481952547361768_1023 size 50
2013-10-12 14:05:24,510 INFO org.apache.hadoop.hdfs.StateChange: Removing lease on  /tmp/hadoop-renlu/mapred/staging/renlu/.staging/job_201310121351_0001/job.splitmetainfo from client DFSClient_NONMAPREDUCE_1057853360_1
2013-10-12 14:05:24,510 INFO org.apache.hadoop.hdfs.StateChange: DIR* completeFile: /tmp/hadoop-renlu/mapred/staging/renlu/.staging/job_201310121351_0001/job.splitmetainfo is closed by DFSClient_NONMAPREDUCE_1057853360_1
2013-10-12 14:05:24,541 INFO org.apache.hadoop.hdfs.StateChange: BLOCK* allocateBlock: /tmp/hadoop-renlu/mapred/staging/renlu/.staging/job_201310121351_0001/job.xml. blk_4833108249766786680_1024
2013-10-12 14:05:24,558 INFO org.apache.hadoop.hdfs.StateChange: BLOCK* addStoredBlock: blockMap updated: 127.0.0.1:50010 is added to blk_4833108249766786680_1024 size 79220
2013-10-12 14:05:24,559 INFO org.apache.hadoop.hdfs.StateChange: Removing lease on  /tmp/hadoop-renlu/mapred/staging/renlu/.staging/job_201310121351_0001/job.xml from client DFSClient_NONMAPREDUCE_1057853360_1
2013-10-12 14:05:24,559 INFO org.apache.hadoop.hdfs.StateChange: DIR* completeFile: /tmp/hadoop-renlu/mapred/staging/renlu/.staging/job_201310121351_0001/job.xml is closed by DFSClient_NONMAPREDUCE_1057853360_1
2013-10-12 14:05:24,573 INFO org.apache.hadoop.hdfs.StateChange: BLOCK* allocateBlock: /tmp/hadoop-renlu/mapred/system/job_201310121351_0001/job-info. blk_-666672827961419965_1025
2013-10-12 14:05:24,579 INFO org.apache.hadoop.hdfs.StateChange: BLOCK* addStoredBlock: blockMap updated: 127.0.0.1:50010 is added to blk_-666672827961419965_1025 size 117
2013-10-12 14:05:24,587 INFO org.apache.hadoop.hdfs.StateChange: Removing lease on  /tmp/hadoop-renlu/mapred/system/job_201310121351_0001/job-info from client DFSClient_NONMAPREDUCE_1771528955_1
2013-10-12 14:05:24,587 INFO org.apache.hadoop.hdfs.StateChange: DIR* completeFile: /tmp/hadoop-renlu/mapred/system/job_201310121351_0001/job-info is closed by DFSClient_NONMAPREDUCE_1771528955_1
2013-10-12 14:05:24,633 INFO org.apache.hadoop.hdfs.StateChange: BLOCK* allocateBlock: /tmp/hadoop-renlu/mapred/system/job_201310121351_0001/jobToken. blk_3331520106138101971_1026
2013-10-12 14:05:24,636 INFO org.apache.hadoop.hdfs.StateChange: BLOCK* addStoredBlock: blockMap updated: 127.0.0.1:50010 is added to blk_3331520106138101971_1026 size 106
2013-10-12 14:05:24,638 INFO org.apache.hadoop.hdfs.StateChange: Removing lease on  /tmp/hadoop-renlu/mapred/system/job_201310121351_0001/jobToken from client DFSClient_NONMAPREDUCE_1771528955_1
2013-10-12 14:05:24,638 INFO org.apache.hadoop.hdfs.StateChange: DIR* completeFile: /tmp/hadoop-renlu/mapred/system/job_201310121351_0001/jobToken is closed by DFSClient_NONMAPREDUCE_1771528955_1
2013-10-12 14:05:31,670 INFO org.apache.hadoop.hdfs.StateChange: BLOCK* allocateBlock: /tmp/hive-renlu/hive_2013-10-12_14-05-23_559_8549249605667733327/_task_tmp.-ext-10001/_tmp.000000_0. blk_-1382975213307977079_1027
2013-10-12 14:05:31,701 INFO org.apache.hadoop.hdfs.StateChange: BLOCK* addStoredBlock: blockMap updated: 127.0.0.1:50010 is added to blk_-1382975213307977079_1027 size 6
2013-10-12 14:05:31,704 INFO org.apache.hadoop.hdfs.StateChange: Removing lease on  /tmp/hive-renlu/hive_2013-10-12_14-05-23_559_8549249605667733327/_task_tmp.-ext-10001/_tmp.000000_0 from client DFSClient_attempt_201310121351_0001_m_000000_0_-1539026626_1
2013-10-12 14:05:31,705 INFO org.apache.hadoop.hdfs.StateChange: DIR* completeFile: /tmp/hive-renlu/hive_2013-10-12_14-05-23_559_8549249605667733327/_task_tmp.-ext-10001/_tmp.000000_0 is closed by DFSClient_attempt_201310121351_0001_m_000000_0_-1539026626_1
2013-10-12 14:05:33,336 INFO org.apache.hadoop.hdfs.StateChange: BLOCK* addToInvalidates: blk_-666672827961419965 to 127.0.0.1:50010 
2013-10-12 14:05:33,336 INFO org.apache.hadoop.hdfs.StateChange: BLOCK* addToInvalidates: blk_3331520106138101971 to 127.0.0.1:50010 
2013-10-12 14:05:33,347 INFO org.apache.hadoop.hdfs.StateChange: BLOCK* addToInvalidates: blk_5504713058758013422 to 127.0.0.1:50010 
2013-10-12 14:05:33,347 INFO org.apache.hadoop.hdfs.StateChange: BLOCK* addToInvalidates: blk_-163881820661506364 to 127.0.0.1:50010 
2013-10-12 14:05:33,347 INFO org.apache.hadoop.hdfs.StateChange: BLOCK* addToInvalidates: blk_-3388481952547361768 to 127.0.0.1:50010 
2013-10-12 14:05:33,347 INFO org.apache.hadoop.hdfs.StateChange: BLOCK* addToInvalidates: blk_4833108249766786680 to 127.0.0.1:50010 
2013-10-12 14:05:33,348 INFO org.apache.hadoop.hdfs.StateChange: BLOCK* addToInvalidates: blk_1030368859556645538 to 127.0.0.1:50010 
2013-10-12 14:05:33,907 INFO org.apache.hadoop.hdfs.StateChange: BLOCK* addToInvalidates: blk_1173492747939198813 to 127.0.0.1:50010 
2013-10-12 14:05:34,032 INFO org.apache.hadoop.hdfs.StateChange: BLOCK* addToInvalidates: blk_-1382975213307977079 to 127.0.0.1:50010 
2013-10-12 14:05:34,427 INFO org.apache.hadoop.hdfs.StateChange: BLOCK* ask 127.0.0.1:50010 to delete  blk_-3388481952547361768_1023 blk_-1382975213307977079_1027 blk_-666672827961419965_1025 blk_1173492747939198813_1019 blk_4833108249766786680_1024 blk_3331520106138101971_1026 blk_1030368859556645538_1020 blk_-163881820661506364_1022 blk_5504713058758013422_1021
2013-10-12 14:07:19,147 INFO org.apache.hadoop.hdfs.server.namenode.FSEditLog: Number of transactions: 108 Total time for transactions(ms): 1 Number of transactions batched in Syncs: 0 Number of syncs: 76 SyncTimes(ms): 82 
2013-10-12 14:07:19,151 INFO org.apache.hadoop.hdfs.StateChange: BLOCK* allocateBlock: /user/hive/warehouse/tb_users/data2. blk_-3474566871126112487_1028
2013-10-12 14:07:19,310 INFO org.apache.hadoop.hdfs.StateChange: BLOCK* addStoredBlock: blockMap updated: 127.0.0.1:50010 is added to blk_-3474566871126112487_1028 size 27
2013-10-12 14:07:19,318 INFO org.apache.hadoop.hdfs.StateChange: Removing lease on  /user/hive/warehouse/tb_users/data2 from client DFSClient_NONMAPREDUCE_-760900400_1
2013-10-12 14:07:19,318 INFO org.apache.hadoop.hdfs.StateChange: DIR* completeFile: /user/hive/warehouse/tb_users/data2 is closed by DFSClient_NONMAPREDUCE_-760900400_1
2013-10-12 14:07:40,935 INFO org.apache.hadoop.hdfs.StateChange: BLOCK* allocateBlock: /tmp/hive-renlu/hive_2013-10-12_14-07-40_736_6321372902657158558/-mr-10003/4e63c94d-e570-4ac4-83f3-ab2814e8b55e. blk_-4995995734764135288_1029
2013-10-12 14:07:40,940 INFO org.apache.hadoop.hdfs.StateChange: BLOCK* addStoredBlock: blockMap updated: 127.0.0.1:50010 is added to blk_-4995995734764135288_1029 size 24167
2013-10-12 14:07:40,941 INFO org.apache.hadoop.hdfs.StateChange: Removing lease on  /tmp/hive-renlu/hive_2013-10-12_14-07-40_736_6321372902657158558/-mr-10003/4e63c94d-e570-4ac4-83f3-ab2814e8b55e from client DFSClient_NONMAPREDUCE_1057853360_1
2013-10-12 14:07:40,941 INFO org.apache.hadoop.hdfs.StateChange: DIR* completeFile: /tmp/hive-renlu/hive_2013-10-12_14-07-40_736_6321372902657158558/-mr-10003/4e63c94d-e570-4ac4-83f3-ab2814e8b55e is closed by DFSClient_NONMAPREDUCE_1057853360_1
2013-10-12 14:07:40,944 INFO org.apache.hadoop.hdfs.server.namenode.FSNamesystem: Increasing replication for /tmp/hive-renlu/hive_2013-10-12_14-07-40_736_6321372902657158558/-mr-10003/4e63c94d-e570-4ac4-83f3-ab2814e8b55e. New replication is 10
2013-10-12 14:07:41,050 INFO org.apache.hadoop.hdfs.StateChange: BLOCK* allocateBlock: /tmp/hadoop-renlu/mapred/staging/renlu/.staging/job_201310121351_0002/libjars/hive-builtins-0.10.0.jar. blk_4337677048212079799_1030
2013-10-12 14:07:41,053 INFO org.apache.hadoop.hdfs.StateChange: BLOCK* addStoredBlock: blockMap updated: 127.0.0.1:50010 is added to blk_4337677048212079799_1030 size 3914
2013-10-12 14:07:41,055 INFO org.apache.hadoop.hdfs.StateChange: Removing lease on  /tmp/hadoop-renlu/mapred/staging/renlu/.staging/job_201310121351_0002/libjars/hive-builtins-0.10.0.jar from client DFSClient_NONMAPREDUCE_1057853360_1
2013-10-12 14:07:41,055 INFO org.apache.hadoop.hdfs.StateChange: DIR* completeFile: /tmp/hadoop-renlu/mapred/staging/renlu/.staging/job_201310121351_0002/libjars/hive-builtins-0.10.0.jar is closed by DFSClient_NONMAPREDUCE_1057853360_1
2013-10-12 14:07:41,056 INFO org.apache.hadoop.hdfs.server.namenode.FSNamesystem: Increasing replication for /tmp/hadoop-renlu/mapred/staging/renlu/.staging/job_201310121351_0002/libjars/hive-builtins-0.10.0.jar. New replication is 10
2013-10-12 14:07:41,070 INFO org.apache.hadoop.hdfs.StateChange: BLOCK* allocateBlock: /tmp/hadoop-renlu/mapred/staging/renlu/.staging/job_201310121351_0002/job.jar. blk_-5098809116162810248_1031
2013-10-12 14:07:41,191 INFO org.apache.hadoop.hdfs.StateChange: BLOCK* addStoredBlock: blockMap updated: 127.0.0.1:50010 is added to blk_-5098809116162810248_1031 size 4854977
2013-10-12 14:07:41,191 INFO org.apache.hadoop.hdfs.StateChange: Removing lease on  /tmp/hadoop-renlu/mapred/staging/renlu/.staging/job_201310121351_0002/job.jar from client DFSClient_NONMAPREDUCE_1057853360_1
2013-10-12 14:07:41,192 INFO org.apache.hadoop.hdfs.StateChange: DIR* completeFile: /tmp/hadoop-renlu/mapred/staging/renlu/.staging/job_201310121351_0002/job.jar is closed by DFSClient_NONMAPREDUCE_1057853360_1
2013-10-12 14:07:41,197 INFO org.apache.hadoop.hdfs.server.namenode.FSNamesystem: Increasing replication for /tmp/hadoop-renlu/mapred/staging/renlu/.staging/job_201310121351_0002/job.jar. New replication is 10
2013-10-12 14:07:41,213 INFO org.apache.hadoop.hdfs.server.namenode.FSNamesystem: Increasing replication for /tmp/hadoop-renlu/mapred/staging/renlu/.staging/job_201310121351_0002/job.split. New replication is 10
2013-10-12 14:07:41,215 INFO org.apache.hadoop.hdfs.StateChange: BLOCK* allocateBlock: /tmp/hadoop-renlu/mapred/staging/renlu/.staging/job_201310121351_0002/job.split. blk_7344946684674255478_1032
2013-10-12 14:07:41,222 INFO org.apache.hadoop.hdfs.StateChange: BLOCK* addStoredBlock: blockMap updated: 127.0.0.1:50010 is added to blk_7344946684674255478_1032 size 290
2013-10-12 14:07:41,224 INFO org.apache.hadoop.hdfs.StateChange: Removing lease on  /tmp/hadoop-renlu/mapred/staging/renlu/.staging/job_201310121351_0002/job.split from client DFSClient_NONMAPREDUCE_1057853360_1
2013-10-12 14:07:41,224 INFO org.apache.hadoop.hdfs.StateChange: DIR* completeFile: /tmp/hadoop-renlu/mapred/staging/renlu/.staging/job_201310121351_0002/job.split is closed by DFSClient_NONMAPREDUCE_1057853360_1
2013-10-12 14:07:41,230 INFO org.apache.hadoop.hdfs.StateChange: BLOCK* allocateBlock: /tmp/hadoop-renlu/mapred/staging/renlu/.staging/job_201310121351_0002/job.splitmetainfo. blk_2385059160780395647_1033
2013-10-12 14:07:41,233 INFO org.apache.hadoop.hdfs.StateChange: BLOCK* addStoredBlock: blockMap updated: 127.0.0.1:50010 is added to blk_2385059160780395647_1033 size 50
2013-10-12 14:07:41,235 INFO org.apache.hadoop.hdfs.StateChange: Removing lease on  /tmp/hadoop-renlu/mapred/staging/renlu/.staging/job_201310121351_0002/job.splitmetainfo from client DFSClient_NONMAPREDUCE_1057853360_1
2013-10-12 14:07:41,235 INFO org.apache.hadoop.hdfs.StateChange: DIR* completeFile: /tmp/hadoop-renlu/mapred/staging/renlu/.staging/job_201310121351_0002/job.splitmetainfo is closed by DFSClient_NONMAPREDUCE_1057853360_1
2013-10-12 14:07:41,250 INFO org.apache.hadoop.hdfs.StateChange: BLOCK* allocateBlock: /tmp/hadoop-renlu/mapred/staging/renlu/.staging/job_201310121351_0002/job.xml. blk_5200611504702294253_1034
2013-10-12 14:07:41,255 INFO org.apache.hadoop.hdfs.StateChange: BLOCK* addStoredBlock: blockMap updated: 127.0.0.1:50010 is added to blk_5200611504702294253_1034 size 79220
2013-10-12 14:07:41,256 INFO org.apache.hadoop.hdfs.StateChange: Removing lease on  /tmp/hadoop-renlu/mapred/staging/renlu/.staging/job_201310121351_0002/job.xml from client DFSClient_NONMAPREDUCE_1057853360_1
2013-10-12 14:07:41,257 INFO org.apache.hadoop.hdfs.StateChange: DIR* completeFile: /tmp/hadoop-renlu/mapred/staging/renlu/.staging/job_201310121351_0002/job.xml is closed by DFSClient_NONMAPREDUCE_1057853360_1
2013-10-12 14:07:41,266 INFO org.apache.hadoop.hdfs.StateChange: BLOCK* allocateBlock: /tmp/hadoop-renlu/mapred/system/job_201310121351_0002/job-info. blk_-7281024612437297341_1035
2013-10-12 14:07:41,269 INFO org.apache.hadoop.hdfs.StateChange: BLOCK* addStoredBlock: blockMap updated: 127.0.0.1:50010 is added to blk_-7281024612437297341_1035 size 117
2013-10-12 14:07:41,271 INFO org.apache.hadoop.hdfs.StateChange: Removing lease on  /tmp/hadoop-renlu/mapred/system/job_201310121351_0002/job-info from client DFSClient_NONMAPREDUCE_1771528955_1
2013-10-12 14:07:41,271 INFO org.apache.hadoop.hdfs.StateChange: DIR* completeFile: /tmp/hadoop-renlu/mapred/system/job_201310121351_0002/job-info is closed by DFSClient_NONMAPREDUCE_1771528955_1
2013-10-12 14:07:41,273 INFO org.apache.hadoop.hdfs.StateChange: BLOCK* allocateBlock: /tmp/hadoop-renlu/mapred/system/job_201310121351_0002/jobToken. blk_-8525351779142115785_1036
2013-10-12 14:07:41,276 INFO org.apache.hadoop.hdfs.StateChange: BLOCK* addStoredBlock: blockMap updated: 127.0.0.1:50010 is added to blk_-8525351779142115785_1036 size 106
2013-10-12 14:07:41,278 INFO org.apache.hadoop.hdfs.StateChange: Removing lease on  /tmp/hadoop-renlu/mapred/system/job_201310121351_0002/jobToken from client DFSClient_NONMAPREDUCE_1771528955_1
2013-10-12 14:07:41,278 INFO org.apache.hadoop.hdfs.StateChange: DIR* completeFile: /tmp/hadoop-renlu/mapred/system/job_201310121351_0002/jobToken is closed by DFSClient_NONMAPREDUCE_1771528955_1
2013-10-12 14:07:44,593 INFO org.apache.hadoop.hdfs.StateChange: BLOCK* allocateBlock: /tmp/hive-renlu/hive_2013-10-12_14-07-40_736_6321372902657158558/_task_tmp.-ext-10001/_tmp.000000_0. blk_-5652009534660883775_1037
2013-10-12 14:07:44,617 INFO org.apache.hadoop.hdfs.StateChange: BLOCK* addStoredBlock: blockMap updated: 127.0.0.1:50010 is added to blk_-5652009534660883775_1037 size 12
2013-10-12 14:07:44,621 INFO org.apache.hadoop.hdfs.StateChange: Removing lease on  /tmp/hive-renlu/hive_2013-10-12_14-07-40_736_6321372902657158558/_task_tmp.-ext-10001/_tmp.000000_0 from client DFSClient_attempt_201310121351_0002_m_000000_0_-217932803_1
2013-10-12 14:07:44,621 INFO org.apache.hadoop.hdfs.StateChange: DIR* completeFile: /tmp/hive-renlu/hive_2013-10-12_14-07-40_736_6321372902657158558/_task_tmp.-ext-10001/_tmp.000000_0 is closed by DFSClient_attempt_201310121351_0002_m_000000_0_-217932803_1
2013-10-12 14:07:45,846 INFO org.apache.hadoop.hdfs.StateChange: BLOCK* addToInvalidates: blk_-7281024612437297341 to 127.0.0.1:50010 
2013-10-12 14:07:45,846 INFO org.apache.hadoop.hdfs.StateChange: BLOCK* addToInvalidates: blk_-8525351779142115785 to 127.0.0.1:50010 
2013-10-12 14:07:45,848 INFO org.apache.hadoop.hdfs.StateChange: BLOCK* addToInvalidates: blk_-5098809116162810248 to 127.0.0.1:50010 
2013-10-12 14:07:45,848 INFO org.apache.hadoop.hdfs.StateChange: BLOCK* addToInvalidates: blk_7344946684674255478 to 127.0.0.1:50010 
2013-10-12 14:07:45,848 INFO org.apache.hadoop.hdfs.StateChange: BLOCK* addToInvalidates: blk_2385059160780395647 to 127.0.0.1:50010 
2013-10-12 14:07:45,848 INFO org.apache.hadoop.hdfs.StateChange: BLOCK* addToInvalidates: blk_5200611504702294253 to 127.0.0.1:50010 
2013-10-12 14:07:45,848 INFO org.apache.hadoop.hdfs.StateChange: BLOCK* addToInvalidates: blk_4337677048212079799 to 127.0.0.1:50010 
2013-10-12 14:07:46,348 INFO org.apache.hadoop.hdfs.StateChange: BLOCK* addToInvalidates: blk_-4995995734764135288 to 127.0.0.1:50010 
2013-10-12 14:07:46,394 INFO org.apache.hadoop.hdfs.StateChange: BLOCK* addToInvalidates: blk_-5652009534660883775 to 127.0.0.1:50010 
2013-10-12 14:07:46,461 INFO org.apache.hadoop.hdfs.StateChange: BLOCK* ask 127.0.0.1:50010 to delete  blk_-4995995734764135288_1029 blk_7344946684674255478_1032 blk_-5098809116162810248_1031 blk_4337677048212079799_1030 blk_2385059160780395647_1033 blk_-5652009534660883775_1037 blk_5200611504702294253_1034 blk_-8525351779142115785_1036 blk_-7281024612437297341_1035
2013-10-12 14:08:02,816 INFO org.apache.hadoop.hdfs.StateChange: BLOCK* allocateBlock: /tmp/hive-renlu/hive_2013-10-12_14-08-02_743_40313530648805695/-mr-10003/1cb9223b-c332-4a27-a9fd-3124b1be33ec. blk_-5570002602001505562_1038
2013-10-12 14:08:02,820 INFO org.apache.hadoop.hdfs.StateChange: BLOCK* addStoredBlock: blockMap updated: 127.0.0.1:50010 is added to blk_-5570002602001505562_1038 size 26081
2013-10-12 14:08:02,821 INFO org.apache.hadoop.hdfs.StateChange: Removing lease on  /tmp/hive-renlu/hive_2013-10-12_14-08-02_743_40313530648805695/-mr-10003/1cb9223b-c332-4a27-a9fd-3124b1be33ec from client DFSClient_NONMAPREDUCE_1057853360_1
2013-10-12 14:08:02,821 INFO org.apache.hadoop.hdfs.StateChange: DIR* completeFile: /tmp/hive-renlu/hive_2013-10-12_14-08-02_743_40313530648805695/-mr-10003/1cb9223b-c332-4a27-a9fd-3124b1be33ec is closed by DFSClient_NONMAPREDUCE_1057853360_1
2013-10-12 14:08:02,824 INFO org.apache.hadoop.hdfs.server.namenode.FSNamesystem: Increasing replication for /tmp/hive-renlu/hive_2013-10-12_14-08-02_743_40313530648805695/-mr-10003/1cb9223b-c332-4a27-a9fd-3124b1be33ec. New replication is 10
2013-10-12 14:08:02,843 INFO org.apache.hadoop.hdfs.StateChange: BLOCK* allocateBlock: /tmp/hadoop-renlu/mapred/staging/renlu/.staging/job_201310121351_0003/libjars/hive-builtins-0.10.0.jar. blk_-5735233214222354851_1039
2013-10-12 14:08:02,846 INFO org.apache.hadoop.hdfs.StateChange: BLOCK* addStoredBlock: blockMap updated: 127.0.0.1:50010 is added to blk_-5735233214222354851_1039 size 3914
2013-10-12 14:08:02,847 INFO org.apache.hadoop.hdfs.StateChange: Removing lease on  /tmp/hadoop-renlu/mapred/staging/renlu/.staging/job_201310121351_0003/libjars/hive-builtins-0.10.0.jar from client DFSClient_NONMAPREDUCE_1057853360_1
2013-10-12 14:08:02,847 INFO org.apache.hadoop.hdfs.StateChange: DIR* completeFile: /tmp/hadoop-renlu/mapred/staging/renlu/.staging/job_201310121351_0003/libjars/hive-builtins-0.10.0.jar is closed by DFSClient_NONMAPREDUCE_1057853360_1
2013-10-12 14:08:02,848 INFO org.apache.hadoop.hdfs.server.namenode.FSNamesystem: Increasing replication for /tmp/hadoop-renlu/mapred/staging/renlu/.staging/job_201310121351_0003/libjars/hive-builtins-0.10.0.jar. New replication is 10
2013-10-12 14:08:02,858 INFO org.apache.hadoop.hdfs.StateChange: BLOCK* allocateBlock: /tmp/hadoop-renlu/mapred/staging/renlu/.staging/job_201310121351_0003/job.jar. blk_3100330173098226231_1040
2013-10-12 14:08:02,919 INFO org.apache.hadoop.hdfs.StateChange: BLOCK* addStoredBlock: blockMap updated: 127.0.0.1:50010 is added to blk_3100330173098226231_1040 size 4854977
2013-10-12 14:08:02,920 INFO org.apache.hadoop.hdfs.StateChange: Removing lease on  /tmp/hadoop-renlu/mapred/staging/renlu/.staging/job_201310121351_0003/job.jar from client DFSClient_NONMAPREDUCE_1057853360_1
2013-10-12 14:08:02,920 INFO org.apache.hadoop.hdfs.StateChange: DIR* completeFile: /tmp/hadoop-renlu/mapred/staging/renlu/.staging/job_201310121351_0003/job.jar is closed by DFSClient_NONMAPREDUCE_1057853360_1
2013-10-12 14:08:02,921 INFO org.apache.hadoop.hdfs.server.namenode.FSNamesystem: Increasing replication for /tmp/hadoop-renlu/mapred/staging/renlu/.staging/job_201310121351_0003/job.jar. New replication is 10
2013-10-12 14:08:02,930 INFO org.apache.hadoop.hdfs.server.namenode.FSNamesystem: Increasing replication for /tmp/hadoop-renlu/mapred/staging/renlu/.staging/job_201310121351_0003/job.split. New replication is 10
2013-10-12 14:08:02,931 INFO org.apache.hadoop.hdfs.StateChange: BLOCK* allocateBlock: /tmp/hadoop-renlu/mapred/staging/renlu/.staging/job_201310121351_0003/job.split. blk_1932991998081567289_1041
2013-10-12 14:08:02,934 INFO org.apache.hadoop.hdfs.StateChange: BLOCK* addStoredBlock: blockMap updated: 127.0.0.1:50010 is added to blk_1932991998081567289_1041 size 290
2013-10-12 14:08:02,936 INFO org.apache.hadoop.hdfs.StateChange: Removing lease on  /tmp/hadoop-renlu/mapred/staging/renlu/.staging/job_201310121351_0003/job.split from client DFSClient_NONMAPREDUCE_1057853360_1
2013-10-12 14:08:02,936 INFO org.apache.hadoop.hdfs.StateChange: DIR* completeFile: /tmp/hadoop-renlu/mapred/staging/renlu/.staging/job_201310121351_0003/job.split is closed by DFSClient_NONMAPREDUCE_1057853360_1
2013-10-12 14:08:02,939 INFO org.apache.hadoop.hdfs.StateChange: BLOCK* allocateBlock: /tmp/hadoop-renlu/mapred/staging/renlu/.staging/job_201310121351_0003/job.splitmetainfo. blk_-2697967365661441658_1042
2013-10-12 14:08:02,945 INFO org.apache.hadoop.hdfs.StateChange: BLOCK* addStoredBlock: blockMap updated: 127.0.0.1:50010 is added to blk_-2697967365661441658_1042 size 50
2013-10-12 14:08:02,946 INFO org.apache.hadoop.hdfs.StateChange: Removing lease on  /tmp/hadoop-renlu/mapred/staging/renlu/.staging/job_201310121351_0003/job.splitmetainfo from client DFSClient_NONMAPREDUCE_1057853360_1
2013-10-12 14:08:02,946 INFO org.apache.hadoop.hdfs.StateChange: DIR* completeFile: /tmp/hadoop-renlu/mapred/staging/renlu/.staging/job_201310121351_0003/job.splitmetainfo is closed by DFSClient_NONMAPREDUCE_1057853360_1
2013-10-12 14:08:02,957 INFO org.apache.hadoop.hdfs.StateChange: BLOCK* allocateBlock: /tmp/hadoop-renlu/mapred/staging/renlu/.staging/job_201310121351_0003/job.xml. blk_1864004775788922313_1043
2013-10-12 14:08:02,965 INFO org.apache.hadoop.hdfs.StateChange: BLOCK* addStoredBlock: blockMap updated: 127.0.0.1:50010 is added to blk_1864004775788922313_1043 size 79226
2013-10-12 14:08:02,967 INFO org.apache.hadoop.hdfs.StateChange: Removing lease on  /tmp/hadoop-renlu/mapred/staging/renlu/.staging/job_201310121351_0003/job.xml from client DFSClient_NONMAPREDUCE_1057853360_1
2013-10-12 14:08:02,967 INFO org.apache.hadoop.hdfs.StateChange: DIR* completeFile: /tmp/hadoop-renlu/mapred/staging/renlu/.staging/job_201310121351_0003/job.xml is closed by DFSClient_NONMAPREDUCE_1057853360_1
2013-10-12 14:08:02,972 INFO org.apache.hadoop.hdfs.StateChange: BLOCK* allocateBlock: /tmp/hadoop-renlu/mapred/system/job_201310121351_0003/job-info. blk_-2430861158175466748_1044
2013-10-12 14:08:02,974 INFO org.apache.hadoop.hdfs.StateChange: BLOCK* addStoredBlock: blockMap updated: 127.0.0.1:50010 is added to blk_-2430861158175466748_1044 size 117
2013-10-12 14:08:02,976 INFO org.apache.hadoop.hdfs.StateChange: Removing lease on  /tmp/hadoop-renlu/mapred/system/job_201310121351_0003/job-info from client DFSClient_NONMAPREDUCE_1771528955_1
2013-10-12 14:08:02,976 INFO org.apache.hadoop.hdfs.StateChange: DIR* completeFile: /tmp/hadoop-renlu/mapred/system/job_201310121351_0003/job-info is closed by DFSClient_NONMAPREDUCE_1771528955_1
2013-10-12 14:08:02,979 INFO org.apache.hadoop.hdfs.StateChange: BLOCK* allocateBlock: /tmp/hadoop-renlu/mapred/system/job_201310121351_0003/jobToken. blk_5085258067091927974_1045
2013-10-12 14:08:02,981 INFO org.apache.hadoop.hdfs.StateChange: BLOCK* addStoredBlock: blockMap updated: 127.0.0.1:50010 is added to blk_5085258067091927974_1045 size 106
2013-10-12 14:08:02,982 INFO org.apache.hadoop.hdfs.StateChange: Removing lease on  /tmp/hadoop-renlu/mapred/system/job_201310121351_0003/jobToken from client DFSClient_NONMAPREDUCE_1771528955_1
2013-10-12 14:08:02,982 INFO org.apache.hadoop.hdfs.StateChange: DIR* completeFile: /tmp/hadoop-renlu/mapred/system/job_201310121351_0003/jobToken is closed by DFSClient_NONMAPREDUCE_1771528955_1
2013-10-12 14:08:06,095 INFO org.apache.hadoop.hdfs.StateChange: BLOCK* allocateBlock: /tmp/hive-renlu/hive_2013-10-12_14-08-02_743_40313530648805695/_task_tmp.-ext-10001/_tmp.000000_0. blk_-360162137906802778_1046
2013-10-12 14:08:06,122 INFO org.apache.hadoop.hdfs.StateChange: BLOCK* addStoredBlock: blockMap updated: 127.0.0.1:50010 is added to blk_-360162137906802778_1046 size 54
2013-10-12 14:08:06,125 INFO org.apache.hadoop.hdfs.StateChange: Removing lease on  /tmp/hive-renlu/hive_2013-10-12_14-08-02_743_40313530648805695/_task_tmp.-ext-10001/_tmp.000000_0 from client DFSClient_attempt_201310121351_0003_m_000000_0_-89062942_1
2013-10-12 14:08:06,125 INFO org.apache.hadoop.hdfs.StateChange: DIR* completeFile: /tmp/hive-renlu/hive_2013-10-12_14-08-02_743_40313530648805695/_task_tmp.-ext-10001/_tmp.000000_0 is closed by DFSClient_attempt_201310121351_0003_m_000000_0_-89062942_1
2013-10-12 14:08:07,622 INFO org.apache.hadoop.hdfs.StateChange: BLOCK* addToInvalidates: blk_-2430861158175466748 to 127.0.0.1:50010 
2013-10-12 14:08:07,622 INFO org.apache.hadoop.hdfs.StateChange: BLOCK* addToInvalidates: blk_5085258067091927974 to 127.0.0.1:50010 
2013-10-12 14:08:07,627 INFO org.apache.hadoop.hdfs.StateChange: BLOCK* addToInvalidates: blk_3100330173098226231 to 127.0.0.1:50010 
2013-10-12 14:08:07,627 INFO org.apache.hadoop.hdfs.StateChange: BLOCK* addToInvalidates: blk_1932991998081567289 to 127.0.0.1:50010 
2013-10-12 14:08:07,627 INFO org.apache.hadoop.hdfs.StateChange: BLOCK* addToInvalidates: blk_-2697967365661441658 to 127.0.0.1:50010 
2013-10-12 14:08:07,627 INFO org.apache.hadoop.hdfs.StateChange: BLOCK* addToInvalidates: blk_1864004775788922313 to 127.0.0.1:50010 
2013-10-12 14:08:07,627 INFO org.apache.hadoop.hdfs.StateChange: BLOCK* addToInvalidates: blk_-5735233214222354851 to 127.0.0.1:50010 
2013-10-12 14:08:08,037 INFO org.apache.hadoop.hdfs.StateChange: BLOCK* addToInvalidates: blk_-5570002602001505562 to 127.0.0.1:50010 
2013-10-12 14:08:08,087 INFO org.apache.hadoop.hdfs.StateChange: BLOCK* addToInvalidates: blk_-360162137906802778 to 127.0.0.1:50010 
2013-10-12 14:08:10,467 INFO org.apache.hadoop.hdfs.StateChange: BLOCK* ask 127.0.0.1:50010 to delete  blk_1932991998081567289_1041 blk_-2430861158175466748_1044 blk_-360162137906802778_1046 blk_1864004775788922313_1043 blk_-5570002602001505562_1038 blk_3100330173098226231_1040 blk_5085258067091927974_1045 blk_-5735233214222354851_1039 blk_-2697967365661441658_1042
2013-10-12 14:24:19,678 INFO org.apache.hadoop.hdfs.StateChange: *BLOCK* processReport: from 127.0.0.1:50010, blocks: 3, processing time: 324 msecs
2013-10-12 14:56:55,221 INFO org.apache.hadoop.hdfs.server.namenode.FSNamesystem: Roll Edit Log from 127.0.0.1
2013-10-12 14:56:55,329 INFO org.apache.hadoop.hdfs.server.namenode.FSEditLog: Number of transactions: 238 Total time for transactions(ms): 2 Number of transactions batched in Syncs: 0 Number of syncs: 166 SyncTimes(ms): 184 
2013-10-12 14:56:55,329 INFO org.apache.hadoop.hdfs.server.namenode.FSEditLog: closing edit log: position=31948, editlog=/tmp/hadoop-renlu/dfs/name/current/edits
2013-10-12 14:56:55,329 INFO org.apache.hadoop.hdfs.server.namenode.FSEditLog: close success: truncate to 31948, editlog=/tmp/hadoop-renlu/dfs/name/current/edits
2013-10-12 14:56:56,110 INFO org.apache.hadoop.hdfs.server.namenode.TransferFsImage: Opening connection to http://0.0.0.0:50090/getimage?getimage=1
2013-10-12 14:56:56,112 INFO org.apache.hadoop.hdfs.server.namenode.GetImageServlet: Downloaded new fsimage with checksum: 219286333f8cf0b32365e91009625cbc
2013-10-12 14:56:56,112 INFO org.apache.hadoop.hdfs.server.namenode.FSNamesystem: Roll FSImage from 127.0.0.1
2013-10-12 14:56:56,112 INFO org.apache.hadoop.hdfs.server.namenode.FSEditLog: Number of transactions: 0 Total time for transactions(ms): 0 Number of transactions batched in Syncs: 0 Number of syncs: 1 SyncTimes(ms): 210 
2013-10-12 14:56:56,147 INFO org.apache.hadoop.hdfs.server.namenode.FSEditLog: closing edit log: position=4, editlog=/tmp/hadoop-renlu/dfs/name/current/edits.new
2013-10-12 14:56:56,148 INFO org.apache.hadoop.hdfs.server.namenode.FSEditLog: close success: truncate to 4, editlog=/tmp/hadoop-renlu/dfs/name/current/edits.new
2013-10-12 15:01:28,248 INFO org.apache.hadoop.hdfs.server.namenode.FSEditLog: Number of transactions: 1 Total time for transactions(ms): 0 Number of transactions batched in Syncs: 0 Number of syncs: 0 SyncTimes(ms): 0 
2013-10-12 15:02:29,449 INFO org.apache.hadoop.hdfs.server.namenode.FSEditLog: Number of transactions: 2 Total time for transactions(ms): 0 Number of transactions batched in Syncs: 0 Number of syncs: 1 SyncTimes(ms): 29 
2013-10-12 15:05:02,039 INFO org.apache.hadoop.hdfs.server.namenode.FSEditLog: Number of transactions: 3 Total time for transactions(ms): 0 Number of transactions batched in Syncs: 0 Number of syncs: 2 SyncTimes(ms): 29 
2013-10-12 15:06:26,150 INFO org.apache.hadoop.hdfs.server.namenode.FSEditLog: Number of transactions: 6 Total time for transactions(ms): 0 Number of transactions batched in Syncs: 0 Number of syncs: 4 SyncTimes(ms): 30 
2013-10-12 15:08:09,899 INFO org.apache.hadoop.hdfs.server.namenode.FSEditLog: Number of transactions: 10 Total time for transactions(ms): 1 Number of transactions batched in Syncs: 0 Number of syncs: 8 SyncTimes(ms): 32 
2013-10-12 15:09:45,000 INFO org.apache.hadoop.hdfs.server.namenode.FSEditLog: Number of transactions: 13 Total time for transactions(ms): 1 Number of transactions batched in Syncs: 0 Number of syncs: 10 SyncTimes(ms): 32 
2013-10-12 15:11:19,030 INFO org.apache.hadoop.hdfs.server.namenode.FSEditLog: Number of transactions: 14 Total time for transactions(ms): 1 Number of transactions batched in Syncs: 0 Number of syncs: 11 SyncTimes(ms): 33 
2013-10-12 15:12:59,561 INFO org.apache.hadoop.hdfs.server.namenode.FSEditLog: Number of transactions: 15 Total time for transactions(ms): 1 Number of transactions batched in Syncs: 0 Number of syncs: 12 SyncTimes(ms): 33 
