2013-10-12 13:51:47,658 INFO org.apache.hadoop.hdfs.server.namenode.SecondaryNameNode: STARTUP_MSG: 
/************************************************************
STARTUP_MSG: Starting SecondaryNameNode
STARTUP_MSG:   host = vagrant-debian-squeeze/127.0.1.1
STARTUP_MSG:   args = []
STARTUP_MSG:   version = 1.2.1
STARTUP_MSG:   build = https://svn.apache.org/repos/asf/hadoop/common/branches/branch-1.2 -r 1503152; compiled by 'mattf' on Mon Jul 22 15:23:09 PDT 2013
STARTUP_MSG:   java = 1.6.0_26
************************************************************/
2013-10-12 13:51:47,726 INFO org.apache.hadoop.hdfs.server.namenode.SecondaryNameNode: dfs.namenode.edits.toleration.length is set to 0.  Override it with -1, i.e. disable it.
2013-10-12 13:51:53,035 INFO org.mortbay.log: Logging to org.slf4j.impl.Log4jLoggerAdapter(org.mortbay.log) via org.mortbay.log.Slf4jLog
2013-10-12 13:51:53,085 INFO org.apache.hadoop.http.HttpServer: Added global filtersafety (class=org.apache.hadoop.http.HttpServer$QuotingInputFilter)
2013-10-12 13:51:53,088 INFO org.apache.hadoop.http.HttpServer: Port returned by webServer.getConnectors()[0].getLocalPort() before open() is -1. Opening the listener on 50090
2013-10-12 13:51:53,089 INFO org.apache.hadoop.http.HttpServer: listener.getLocalPort() returned 50090 webServer.getConnectors()[0].getLocalPort() returned 50090
2013-10-12 13:51:53,089 INFO org.apache.hadoop.http.HttpServer: Jetty bound to port 50090
2013-10-12 13:51:53,089 INFO org.mortbay.log: jetty-6.1.26
2013-10-12 13:51:53,284 INFO org.mortbay.log: Started SelectChannelConnector@0.0.0.0:50090
2013-10-12 13:51:53,284 INFO org.apache.hadoop.hdfs.server.namenode.SecondaryNameNode: Web server init done
2013-10-12 13:51:53,284 INFO org.apache.hadoop.hdfs.server.namenode.SecondaryNameNode: Secondary Web-server up at: 0.0.0.0:50090
2013-10-12 13:51:53,284 WARN org.apache.hadoop.hdfs.server.namenode.SecondaryNameNode: Checkpoint Period   :3600 secs (60 min)
2013-10-12 13:51:53,284 WARN org.apache.hadoop.hdfs.server.namenode.SecondaryNameNode: Log Size Trigger    :67108864 bytes (65536 KB)
2013-10-12 13:56:53,713 INFO org.apache.hadoop.hdfs.server.namenode.TransferFsImage: Opening connection to http://0.0.0.0:50070/getimage?getimage=1
2013-10-12 13:56:53,986 INFO org.apache.hadoop.hdfs.server.namenode.SecondaryNameNode: Downloaded file fsimage size 111 bytes.
2013-10-12 13:56:53,986 INFO org.apache.hadoop.hdfs.server.namenode.TransferFsImage: Opening connection to http://0.0.0.0:50070/getimage?getedit=1
2013-10-12 13:56:53,988 INFO org.apache.hadoop.hdfs.server.namenode.SecondaryNameNode: Downloaded file edits size 6033 bytes.
2013-10-12 13:56:53,989 INFO org.apache.hadoop.hdfs.util.GSet: Computing capacity for map BlocksMap
2013-10-12 13:56:53,989 INFO org.apache.hadoop.hdfs.util.GSet: VM type       = 32-bit
2013-10-12 13:56:53,990 INFO org.apache.hadoop.hdfs.util.GSet: 2.0% max memory = 1013645312
2013-10-12 13:56:53,990 INFO org.apache.hadoop.hdfs.util.GSet: capacity      = 2^22 = 4194304 entries
2013-10-12 13:56:53,990 INFO org.apache.hadoop.hdfs.util.GSet: recommended=4194304, actual=4194304
2013-10-12 13:56:54,040 INFO org.apache.hadoop.hdfs.server.namenode.FSNamesystem: fsOwner=renlu
2013-10-12 13:56:54,041 INFO org.apache.hadoop.hdfs.server.namenode.FSNamesystem: supergroup=supergroup
2013-10-12 13:56:54,041 INFO org.apache.hadoop.hdfs.server.namenode.FSNamesystem: isPermissionEnabled=true
2013-10-12 13:56:54,045 INFO org.apache.hadoop.hdfs.server.namenode.FSNamesystem: dfs.block.invalidate.limit=100
2013-10-12 13:56:54,045 INFO org.apache.hadoop.hdfs.server.namenode.FSNamesystem: isAccessTokenEnabled=false accessKeyUpdateInterval=0 min(s), accessTokenLifetime=0 min(s)
2013-10-12 13:56:54,051 INFO org.apache.hadoop.hdfs.server.namenode.FSEditLog: dfs.namenode.edits.toleration.length = -1
2013-10-12 13:56:54,051 INFO org.apache.hadoop.hdfs.server.namenode.NameNode: Caching file names occuring more than 10 times 
2013-10-12 13:56:54,370 INFO org.apache.hadoop.hdfs.server.common.Storage: Number of files = 1
2013-10-12 13:56:54,370 INFO org.apache.hadoop.hdfs.server.common.Storage: Number of files under construction = 0
2013-10-12 13:56:54,370 INFO org.apache.hadoop.hdfs.server.namenode.FSEditLog: Start loading edits file /tmp/hadoop-renlu/dfs/namesecondary/current/edits
2013-10-12 13:56:54,384 INFO org.apache.hadoop.hdfs.server.namenode.FSEditLog: EOF of /tmp/hadoop-renlu/dfs/namesecondary/current/edits, reached end of edit log Number of transactions found: 74.  Bytes read: 6033
2013-10-12 13:56:54,384 INFO org.apache.hadoop.hdfs.server.namenode.FSEditLog: Edits file /tmp/hadoop-renlu/dfs/namesecondary/current/edits of size 6033 edits # 74 loaded in 0 seconds.
2013-10-12 13:56:54,384 INFO org.apache.hadoop.hdfs.server.namenode.FSEditLog: Number of transactions: 0 Total time for transactions(ms): 0 Number of transactions batched in Syncs: 0 Number of syncs: 0 SyncTimes(ms): 0 
2013-10-12 13:56:54,389 INFO org.apache.hadoop.hdfs.server.namenode.FSEditLog: closing edit log: position=6033, editlog=/tmp/hadoop-renlu/dfs/namesecondary/current/edits
2013-10-12 13:56:54,389 INFO org.apache.hadoop.hdfs.server.namenode.FSEditLog: close success: truncate to 6033, editlog=/tmp/hadoop-renlu/dfs/namesecondary/current/edits
2013-10-12 13:56:54,390 INFO org.apache.hadoop.hdfs.server.common.Storage: Image file /tmp/hadoop-renlu/dfs/namesecondary/current/fsimage of size 1101 bytes saved in 0 seconds.
2013-10-12 13:56:54,395 INFO org.apache.hadoop.hdfs.server.namenode.FSEditLog: closing edit log: position=4, editlog=/tmp/hadoop-renlu/dfs/namesecondary/current/edits
2013-10-12 13:56:54,395 INFO org.apache.hadoop.hdfs.server.namenode.FSEditLog: close success: truncate to 4, editlog=/tmp/hadoop-renlu/dfs/namesecondary/current/edits
2013-10-12 13:56:54,404 INFO org.apache.hadoop.hdfs.server.namenode.SecondaryNameNode: Posted URL 0.0.0.0:50070putimage=1&port=50090&machine=0.0.0.0&token=-41:694511188:0:1381582613000:1381582305607&newChecksum=65f721123a97d38cca0dfbf7f56bf6b0
2013-10-12 13:56:54,404 INFO org.apache.hadoop.hdfs.server.namenode.TransferFsImage: Opening connection to http://0.0.0.0:50070/getimage?putimage=1&port=50090&machine=0.0.0.0&token=-41:694511188:0:1381582613000:1381582305607&newChecksum=65f721123a97d38cca0dfbf7f56bf6b0
2013-10-12 13:56:54,498 INFO org.apache.hadoop.hdfs.server.namenode.SecondaryNameNode: Checkpoint done. New Image Size: 1101
2013-10-12 14:56:54,911 INFO org.apache.hadoop.hdfs.server.namenode.FSEditLog: Number of transactions: 0 Total time for transactions(ms): 0 Number of transactions batched in Syncs: 0 Number of syncs: 0 SyncTimes(ms): 0 
2013-10-12 14:56:54,916 INFO org.apache.hadoop.hdfs.server.namenode.FSEditLog: closing edit log: position=4, editlog=/tmp/hadoop-renlu/dfs/namesecondary/current/edits
2013-10-12 14:56:54,917 INFO org.apache.hadoop.hdfs.server.namenode.FSEditLog: close success: truncate to 4, editlog=/tmp/hadoop-renlu/dfs/namesecondary/current/edits
2013-10-12 14:56:55,542 INFO org.apache.hadoop.hdfs.server.namenode.TransferFsImage: Opening connection to http://0.0.0.0:50070/getimage?getimage=1
2013-10-12 14:56:55,550 INFO org.apache.hadoop.hdfs.server.namenode.SecondaryNameNode: Downloaded file fsimage size 1101 bytes.
2013-10-12 14:56:55,550 INFO org.apache.hadoop.hdfs.server.namenode.TransferFsImage: Opening connection to http://0.0.0.0:50070/getimage?getedit=1
2013-10-12 14:56:55,736 INFO org.apache.hadoop.hdfs.server.namenode.SecondaryNameNode: Downloaded file edits size 31948 bytes.
2013-10-12 14:56:55,736 INFO org.apache.hadoop.hdfs.util.GSet: Computing capacity for map BlocksMap
2013-10-12 14:56:55,737 INFO org.apache.hadoop.hdfs.util.GSet: VM type       = 32-bit
2013-10-12 14:56:55,737 INFO org.apache.hadoop.hdfs.util.GSet: 2.0% max memory = 1013645312
2013-10-12 14:56:55,737 INFO org.apache.hadoop.hdfs.util.GSet: capacity      = 2^22 = 4194304 entries
2013-10-12 14:56:55,737 INFO org.apache.hadoop.hdfs.util.GSet: recommended=4194304, actual=4194304
2013-10-12 14:56:56,046 INFO org.apache.hadoop.hdfs.server.namenode.FSNamesystem: fsOwner=renlu
2013-10-12 14:56:56,046 INFO org.apache.hadoop.hdfs.server.namenode.FSNamesystem: supergroup=supergroup
2013-10-12 14:56:56,059 INFO org.apache.hadoop.hdfs.server.namenode.FSNamesystem: isPermissionEnabled=true
2013-10-12 14:56:56,059 INFO org.apache.hadoop.hdfs.server.namenode.FSNamesystem: dfs.block.invalidate.limit=100
2013-10-12 14:56:56,059 INFO org.apache.hadoop.hdfs.server.namenode.FSNamesystem: isAccessTokenEnabled=false accessKeyUpdateInterval=0 min(s), accessTokenLifetime=0 min(s)
2013-10-12 14:56:56,060 INFO org.apache.hadoop.hdfs.server.namenode.FSEditLog: dfs.namenode.edits.toleration.length = -1
2013-10-12 14:56:56,060 INFO org.apache.hadoop.hdfs.server.namenode.NameNode: Caching file names occuring more than 10 times 
2013-10-12 14:56:56,060 INFO org.apache.hadoop.hdfs.server.common.Storage: Number of files = 12
2013-10-12 14:56:56,061 INFO org.apache.hadoop.hdfs.server.common.Storage: Number of files under construction = 0
2013-10-12 14:56:56,061 INFO org.apache.hadoop.hdfs.server.namenode.FSEditLog: Start loading edits file /tmp/hadoop-renlu/dfs/namesecondary/current/edits
2013-10-12 14:56:56,096 INFO org.apache.hadoop.hdfs.server.namenode.FSEditLog: EOF of /tmp/hadoop-renlu/dfs/namesecondary/current/edits, reached end of edit log Number of transactions found: 238.  Bytes read: 31948
2013-10-12 14:56:56,096 INFO org.apache.hadoop.hdfs.server.namenode.FSEditLog: Edits file /tmp/hadoop-renlu/dfs/namesecondary/current/edits of size 31948 edits # 238 loaded in 0 seconds.
2013-10-12 14:56:56,096 INFO org.apache.hadoop.hdfs.server.namenode.FSEditLog: Number of transactions: 0 Total time for transactions(ms): 0 Number of transactions batched in Syncs: 0 Number of syncs: 0 SyncTimes(ms): 0 
2013-10-12 14:56:56,097 INFO org.apache.hadoop.hdfs.server.namenode.FSEditLog: closing edit log: position=31948, editlog=/tmp/hadoop-renlu/dfs/namesecondary/current/edits
2013-10-12 14:56:56,097 INFO org.apache.hadoop.hdfs.server.namenode.FSEditLog: close success: truncate to 31948, editlog=/tmp/hadoop-renlu/dfs/namesecondary/current/edits
2013-10-12 14:56:56,098 INFO org.apache.hadoop.hdfs.server.common.Storage: Image file /tmp/hadoop-renlu/dfs/namesecondary/current/fsimage of size 1529 bytes saved in 0 seconds.
2013-10-12 14:56:56,101 INFO org.apache.hadoop.hdfs.server.namenode.FSEditLog: closing edit log: position=4, editlog=/tmp/hadoop-renlu/dfs/namesecondary/current/edits
2013-10-12 14:56:56,102 INFO org.apache.hadoop.hdfs.server.namenode.FSEditLog: close success: truncate to 4, editlog=/tmp/hadoop-renlu/dfs/namesecondary/current/edits
2013-10-12 14:56:56,108 INFO org.apache.hadoop.hdfs.server.namenode.SecondaryNameNode: Posted URL 0.0.0.0:50070putimage=1&port=50090&machine=0.0.0.0&token=-41:694511188:0:1381586215000:1381582614492&newChecksum=219286333f8cf0b32365e91009625cbc
2013-10-12 14:56:56,108 INFO org.apache.hadoop.hdfs.server.namenode.TransferFsImage: Opening connection to http://0.0.0.0:50070/getimage?putimage=1&port=50090&machine=0.0.0.0&token=-41:694511188:0:1381586215000:1381582614492&newChecksum=219286333f8cf0b32365e91009625cbc
2013-10-12 14:56:56,206 INFO org.apache.hadoop.hdfs.server.namenode.SecondaryNameNode: Checkpoint done. New Image Size: 1529
